{"/Users/shayanshahla/repos/EmailEssence/frontend/src/client.jsx": {"path":"/Users/shayanshahla/repos/EmailEssence/frontend/src/client.jsx","all":false,"statementMap":{"0":{"start":{"line":1,"column":0},"end":{"line":1,"column":46}},"1":{"start":{"line":2,"column":0},"end":{"line":2,"column":22}},"2":{"start":{"line":3,"column":0},"end":{"line":3,"column":57}},"3":{"start":{"line":4,"column":0},"end":{"line":4,"column":45}},"4":{"start":{"line":5,"column":0},"end":{"line":5,"column":58}},"5":{"start":{"line":6,"column":0},"end":{"line":6,"column":51}},"6":{"start":{"line":7,"column":0},"end":{"line":7,"column":46}},"7":{"start":{"line":8,"column":0},"end":{"line":8,"column":67}},"9":{"start":{"line":10,"column":0},"end":{"line":10,"column":32}},"10":{"start":{"line":11,"column":0},"end":{"line":11,"column":15}},"11":{"start":{"line":12,"column":0},"end":{"line":12,"column":18}},"12":{"start":{"line":13,"column":0},"end":{"line":13,"column":28}},"13":{"start":{"line":14,"column":0},"end":{"line":14,"column":20}},"14":{"start":{"line":15,"column":0},"end":{"line":15,"column":28}},"15":{"start":{"line":16,"column":0},"end":{"line":16,"column":19}},"16":{"start":{"line":17,"column":0},"end":{"line":17,"column":4}},"17":{"start":{"line":18,"column":0},"end":{"line":18,"column":4}},"18":{"start":{"line":19,"column":0},"end":{"line":19,"column":62}},"19":{"start":{"line":20,"column":0},"end":{"line":20,"column":25}},"20":{"start":{"line":21,"column":0},"end":{"line":21,"column":27}},"21":{"start":{"line":22,"column":0},"end":{"line":22,"column":30}},"22":{"start":{"line":23,"column":0},"end":{"line":23,"column":5}},"23":{"start":{"line":24,"column":0},"end":{"line":24,"column":64}},"24":{"start":{"line":25,"column":0},"end":{"line":25,"column":27}},"25":{"start":{"line":26,"column":0},"end":{"line":26,"column":26}},"26":{"start":{"line":27,"column":0},"end":{"line":27,"column":4}},"28":{"start":{"line":29,"column":0},"end":{"line":29,"column":19}},"29":{"start":{"line":30,"column":0},"end":{"line":30,"column":43}},"30":{"start":{"line":31,"column":0},"end":{"line":31,"column":11}},"31":{"start":{"line":32,"column":0},"end":{"line":32,"column":103}},"32":{"start":{"line":33,"column":0},"end":{"line":33,"column":41}},"33":{"start":{"line":34,"column":0},"end":{"line":34,"column":39}},"34":{"start":{"line":35,"column":0},"end":{"line":35,"column":92}},"35":{"start":{"line":36,"column":0},"end":{"line":36,"column":33}},"36":{"start":{"line":37,"column":0},"end":{"line":37,"column":37}},"37":{"start":{"line":38,"column":0},"end":{"line":38,"column":61}},"38":{"start":{"line":39,"column":0},"end":{"line":39,"column":11}},"39":{"start":{"line":40,"column":0},"end":{"line":40,"column":9}},"40":{"start":{"line":41,"column":0},"end":{"line":41,"column":23}},"41":{"start":{"line":42,"column":0},"end":{"line":42,"column":56}},"42":{"start":{"line":43,"column":0},"end":{"line":43,"column":7}},"43":{"start":{"line":44,"column":0},"end":{"line":44,"column":50}},"44":{"start":{"line":45,"column":0},"end":{"line":45,"column":38}},"46":{"start":{"line":47,"column":0},"end":{"line":47,"column":43}},"48":{"start":{"line":49,"column":0},"end":{"line":49,"column":47}},"49":{"start":{"line":50,"column":0},"end":{"line":50,"column":25}},"50":{"start":{"line":51,"column":0},"end":{"line":51,"column":22}},"51":{"start":{"line":52,"column":0},"end":{"line":52,"column":67}},"52":{"start":{"line":53,"column":0},"end":{"line":53,"column":4}},"54":{"start":{"line":55,"column":0},"end":{"line":55,"column":33}},"55":{"start":{"line":56,"column":0},"end":{"line":56,"column":20}},"56":{"start":{"line":57,"column":0},"end":{"line":57,"column":24}},"57":{"start":{"line":58,"column":0},"end":{"line":58,"column":36}},"58":{"start":{"line":59,"column":0},"end":{"line":59,"column":7}},"59":{"start":{"line":60,"column":0},"end":{"line":60,"column":4}},"61":{"start":{"line":62,"column":0},"end":{"line":62,"column":42}},"62":{"start":{"line":63,"column":0},"end":{"line":63,"column":20}},"63":{"start":{"line":64,"column":0},"end":{"line":64,"column":25}},"64":{"start":{"line":65,"column":0},"end":{"line":65,"column":65}},"65":{"start":{"line":66,"column":0},"end":{"line":66,"column":7}},"66":{"start":{"line":67,"column":0},"end":{"line":67,"column":4}},"68":{"start":{"line":69,"column":0},"end":{"line":69,"column":46}},"69":{"start":{"line":70,"column":0},"end":{"line":70,"column":29}},"70":{"start":{"line":71,"column":0},"end":{"line":71,"column":24}},"71":{"start":{"line":72,"column":0},"end":{"line":72,"column":43}},"72":{"start":{"line":73,"column":0},"end":{"line":73,"column":7}},"73":{"start":{"line":74,"column":0},"end":{"line":74,"column":4}},"75":{"start":{"line":76,"column":0},"end":{"line":76,"column":53}},"76":{"start":{"line":77,"column":0},"end":{"line":77,"column":29}},"77":{"start":{"line":78,"column":0},"end":{"line":78,"column":33}},"78":{"start":{"line":79,"column":0},"end":{"line":79,"column":35}},"79":{"start":{"line":80,"column":0},"end":{"line":80,"column":7}},"80":{"start":{"line":81,"column":0},"end":{"line":81,"column":4}},"82":{"start":{"line":83,"column":0},"end":{"line":83,"column":37}},"83":{"start":{"line":84,"column":0},"end":{"line":84,"column":29}},"84":{"start":{"line":85,"column":0},"end":{"line":85,"column":20}},"85":{"start":{"line":86,"column":0},"end":{"line":86,"column":19}},"86":{"start":{"line":87,"column":0},"end":{"line":87,"column":7}},"87":{"start":{"line":88,"column":0},"end":{"line":88,"column":4}},"89":{"start":{"line":90,"column":0},"end":{"line":90,"column":40}},"90":{"start":{"line":91,"column":0},"end":{"line":91,"column":20}},"91":{"start":{"line":92,"column":0},"end":{"line":92,"column":26}},"92":{"start":{"line":93,"column":0},"end":{"line":93,"column":19}},"93":{"start":{"line":94,"column":0},"end":{"line":94,"column":7}},"94":{"start":{"line":95,"column":0},"end":{"line":95,"column":4}},"96":{"start":{"line":97,"column":0},"end":{"line":97,"column":25}},"97":{"start":{"line":98,"column":0},"end":{"line":98,"column":29}},"98":{"start":{"line":99,"column":0},"end":{"line":99,"column":19}},"99":{"start":{"line":100,"column":0},"end":{"line":100,"column":16}},"100":{"start":{"line":101,"column":0},"end":{"line":101,"column":16}},"101":{"start":{"line":102,"column":0},"end":{"line":102,"column":56}},"102":{"start":{"line":103,"column":0},"end":{"line":103,"column":36}},"103":{"start":{"line":104,"column":0},"end":{"line":104,"column":43}},"104":{"start":{"line":105,"column":0},"end":{"line":105,"column":38}},"105":{"start":{"line":106,"column":0},"end":{"line":106,"column":12}},"107":{"start":{"line":108,"column":0},"end":{"line":108,"column":22}},"108":{"start":{"line":109,"column":0},"end":{"line":109,"column":16}},"109":{"start":{"line":110,"column":0},"end":{"line":110,"column":19}},"110":{"start":{"line":111,"column":0},"end":{"line":111,"column":49}},"111":{"start":{"line":112,"column":0},"end":{"line":112,"column":71}},"112":{"start":{"line":113,"column":0},"end":{"line":113,"column":67}},"113":{"start":{"line":114,"column":0},"end":{"line":114,"column":69}},"114":{"start":{"line":115,"column":0},"end":{"line":115,"column":41}},"115":{"start":{"line":116,"column":0},"end":{"line":116,"column":43}},"116":{"start":{"line":117,"column":0},"end":{"line":117,"column":12}},"118":{"start":{"line":119,"column":0},"end":{"line":119,"column":14}},"119":{"start":{"line":120,"column":0},"end":{"line":120,"column":16}},"120":{"start":{"line":121,"column":0},"end":{"line":121,"column":20}},"121":{"start":{"line":122,"column":0},"end":{"line":122,"column":36}},"122":{"start":{"line":123,"column":0},"end":{"line":123,"column":47}},"123":{"start":{"line":124,"column":0},"end":{"line":124,"column":43}},"124":{"start":{"line":125,"column":0},"end":{"line":125,"column":12}},"126":{"start":{"line":127,"column":0},"end":{"line":127,"column":5}},"127":{"start":{"line":128,"column":0},"end":{"line":128,"column":4}},"129":{"start":{"line":130,"column":0},"end":{"line":130,"column":29}},"130":{"start":{"line":131,"column":0},"end":{"line":131,"column":12}},"131":{"start":{"line":132,"column":0},"end":{"line":132,"column":30}},"132":{"start":{"line":133,"column":0},"end":{"line":133,"column":16}},"133":{"start":{"line":134,"column":0},"end":{"line":134,"column":39}},"134":{"start":{"line":135,"column":0},"end":{"line":135,"column":43}},"135":{"start":{"line":136,"column":0},"end":{"line":136,"column":45}},"136":{"start":{"line":137,"column":0},"end":{"line":137,"column":35}},"137":{"start":{"line":138,"column":0},"end":{"line":138,"column":10}},"138":{"start":{"line":139,"column":0},"end":{"line":139,"column":19}},"139":{"start":{"line":140,"column":0},"end":{"line":140,"column":12}},"141":{"start":{"line":142,"column":0},"end":{"line":142,"column":4}},"143":{"start":{"line":144,"column":0},"end":{"line":144,"column":30}},"144":{"start":{"line":145,"column":0},"end":{"line":145,"column":1}},"146":{"start":{"line":147,"column":0},"end":{"line":147,"column":51}},"147":{"start":{"line":148,"column":0},"end":{"line":148,"column":47}},"148":{"start":{"line":149,"column":0},"end":{"line":149,"column":23}},"149":{"start":{"line":150,"column":0},"end":{"line":150,"column":36}},"150":{"start":{"line":151,"column":0},"end":{"line":151,"column":62}},"151":{"start":{"line":152,"column":0},"end":{"line":152,"column":5}},"152":{"start":{"line":153,"column":0},"end":{"line":153,"column":19}},"153":{"start":{"line":154,"column":0},"end":{"line":154,"column":5}},"154":{"start":{"line":155,"column":0},"end":{"line":155,"column":1}}},"s":{"0":1,"1":1,"2":1,"3":1,"4":1,"5":1,"6":1,"7":1,"9":0,"10":0,"11":0,"12":0,"13":0,"14":0,"15":0,"16":0,"17":0,"18":0,"19":0,"20":0,"21":0,"22":0,"23":0,"24":0,"25":0,"26":0,"28":0,"29":0,"30":0,"31":0,"32":0,"33":0,"34":0,"35":0,"36":0,"37":0,"38":0,"39":0,"40":0,"41":0,"42":0,"43":0,"44":0,"46":0,"48":0,"49":0,"50":0,"51":0,"52":0,"54":0,"55":0,"56":0,"57":0,"58":0,"59":0,"61":0,"62":0,"63":0,"64":0,"65":0,"66":0,"68":0,"69":0,"70":0,"71":0,"72":0,"73":0,"75":0,"76":0,"77":0,"78":0,"79":0,"80":0,"82":0,"83":0,"84":0,"85":0,"86":0,"87":0,"89":0,"90":0,"91":0,"92":0,"93":0,"94":0,"96":0,"97":0,"98":0,"99":0,"100":0,"101":0,"102":0,"103":0,"104":0,"105":0,"107":0,"108":0,"109":0,"110":0,"111":0,"112":0,"113":0,"114":0,"115":0,"116":0,"118":0,"119":0,"120":0,"121":0,"122":0,"123":0,"124":0,"126":0,"127":0,"129":0,"130":0,"131":0,"132":0,"133":0,"134":0,"135":0,"136":0,"137":0,"138":0,"139":0,"141":0,"143":0,"144":0,"146":0,"147":0,"148":0,"149":0,"150":0,"151":0,"152":0,"153":0,"154":0},"branchMap":{},"b":{},"fnMap":{"0":{"name":"Client","decl":{"start":{"line":10,"column":0},"end":{"line":145,"column":1}},"loc":{"start":{"line":10,"column":0},"end":{"line":145,"column":1}},"line":10},"1":{"name":"getNewEmails","decl":{"start":{"line":147,"column":0},"end":{"line":155,"column":1}},"loc":{"start":{"line":147,"column":0},"end":{"line":155,"column":1}},"line":147}},"f":{"0":0,"1":0}}
,"/Users/shayanshahla/repos/EmailEssence/frontend/src/page.jsx": {"path":"/Users/shayanshahla/repos/EmailEssence/frontend/src/page.jsx","all":false,"statementMap":{"0":{"start":{"line":1,"column":0},"end":{"line":1,"column":44}},"1":{"start":{"line":2,"column":0},"end":{"line":2,"column":8}},"6":{"start":{"line":7,"column":0},"end":{"line":7,"column":30}},"7":{"start":{"line":8,"column":0},"end":{"line":8,"column":49}},"8":{"start":{"line":9,"column":0},"end":{"line":9,"column":70}},"9":{"start":{"line":10,"column":0},"end":{"line":10,"column":46}},"11":{"start":{"line":12,"column":0},"end":{"line":12,"column":71}},"13":{"start":{"line":14,"column":0},"end":{"line":14,"column":32}},"14":{"start":{"line":15,"column":0},"end":{"line":15,"column":48}},"15":{"start":{"line":16,"column":0},"end":{"line":16,"column":54}},"16":{"start":{"line":17,"column":0},"end":{"line":17,"column":64}},"18":{"start":{"line":19,"column":0},"end":{"line":19,"column":57}},"19":{"start":{"line":20,"column":0},"end":{"line":20,"column":72}},"20":{"start":{"line":21,"column":0},"end":{"line":21,"column":20}},"21":{"start":{"line":22,"column":0},"end":{"line":22,"column":28}},"22":{"start":{"line":23,"column":0},"end":{"line":23,"column":19}},"23":{"start":{"line":24,"column":0},"end":{"line":24,"column":5}},"25":{"start":{"line":26,"column":0},"end":{"line":26,"column":19}},"26":{"start":{"line":27,"column":0},"end":{"line":27,"column":33}},"27":{"start":{"line":28,"column":0},"end":{"line":28,"column":44}},"28":{"start":{"line":29,"column":0},"end":{"line":29,"column":13}},"29":{"start":{"line":30,"column":0},"end":{"line":30,"column":62}},"30":{"start":{"line":31,"column":0},"end":{"line":31,"column":38}},"31":{"start":{"line":32,"column":0},"end":{"line":32,"column":21}},"32":{"start":{"line":33,"column":0},"end":{"line":33,"column":25}},"33":{"start":{"line":34,"column":0},"end":{"line":34,"column":9}},"34":{"start":{"line":35,"column":0},"end":{"line":35,"column":16}},"35":{"start":{"line":36,"column":0},"end":{"line":36,"column":45}},"36":{"start":{"line":37,"column":0},"end":{"line":37,"column":12}},"37":{"start":{"line":38,"column":0},"end":{"line":38,"column":21}},"38":{"start":{"line":39,"column":0},"end":{"line":39,"column":63}},"39":{"start":{"line":40,"column":0},"end":{"line":40,"column":14}},"40":{"start":{"line":41,"column":0},"end":{"line":41,"column":42}},"41":{"start":{"line":42,"column":0},"end":{"line":42,"column":48}},"42":{"start":{"line":43,"column":0},"end":{"line":43,"column":50}},"43":{"start":{"line":44,"column":0},"end":{"line":44,"column":9}},"44":{"start":{"line":45,"column":0},"end":{"line":45,"column":7}},"45":{"start":{"line":46,"column":0},"end":{"line":46,"column":5}},"47":{"start":{"line":48,"column":0},"end":{"line":48,"column":26}},"49":{"start":{"line":50,"column":0},"end":{"line":50,"column":47}},"50":{"start":{"line":51,"column":0},"end":{"line":51,"column":9}},"51":{"start":{"line":52,"column":0},"end":{"line":52,"column":26}},"52":{"start":{"line":53,"column":0},"end":{"line":53,"column":23}},"54":{"start":{"line":55,"column":0},"end":{"line":55,"column":48}},"55":{"start":{"line":56,"column":0},"end":{"line":56,"column":25}},"56":{"start":{"line":57,"column":0},"end":{"line":57,"column":24}},"57":{"start":{"line":58,"column":0},"end":{"line":58,"column":21}},"58":{"start":{"line":59,"column":0},"end":{"line":59,"column":29}},"59":{"start":{"line":60,"column":0},"end":{"line":60,"column":25}},"60":{"start":{"line":61,"column":0},"end":{"line":61,"column":45}},"61":{"start":{"line":62,"column":0},"end":{"line":62,"column":15}},"62":{"start":{"line":63,"column":0},"end":{"line":63,"column":24}},"63":{"start":{"line":64,"column":0},"end":{"line":64,"column":5}},"64":{"start":{"line":65,"column":0},"end":{"line":65,"column":4}},"66":{"start":{"line":67,"column":0},"end":{"line":67,"column":40}},"67":{"start":{"line":68,"column":0},"end":{"line":68,"column":9}},"68":{"start":{"line":69,"column":0},"end":{"line":69,"column":42}},"69":{"start":{"line":70,"column":0},"end":{"line":70,"column":44}},"70":{"start":{"line":71,"column":0},"end":{"line":71,"column":35}},"71":{"start":{"line":72,"column":0},"end":{"line":72,"column":57}},"72":{"start":{"line":73,"column":0},"end":{"line":73,"column":7}},"73":{"start":{"line":74,"column":0},"end":{"line":74,"column":61}},"74":{"start":{"line":75,"column":0},"end":{"line":75,"column":34}},"75":{"start":{"line":76,"column":0},"end":{"line":76,"column":47}},"76":{"start":{"line":77,"column":0},"end":{"line":77,"column":21}},"77":{"start":{"line":78,"column":0},"end":{"line":78,"column":29}},"78":{"start":{"line":79,"column":0},"end":{"line":79,"column":5}},"79":{"start":{"line":80,"column":0},"end":{"line":80,"column":4}},"82":{"start":{"line":83,"column":0},"end":{"line":83,"column":49}},"83":{"start":{"line":84,"column":0},"end":{"line":84,"column":9}},"84":{"start":{"line":85,"column":0},"end":{"line":85,"column":62}},"85":{"start":{"line":86,"column":0},"end":{"line":86,"column":45}},"86":{"start":{"line":87,"column":0},"end":{"line":87,"column":21}},"87":{"start":{"line":88,"column":0},"end":{"line":88,"column":27}},"88":{"start":{"line":89,"column":0},"end":{"line":89,"column":5}},"89":{"start":{"line":90,"column":0},"end":{"line":90,"column":4}},"91":{"start":{"line":92,"column":0},"end":{"line":92,"column":38}},"92":{"start":{"line":93,"column":0},"end":{"line":93,"column":45}},"94":{"start":{"line":95,"column":0},"end":{"line":95,"column":42}},"95":{"start":{"line":96,"column":0},"end":{"line":96,"column":24}},"96":{"start":{"line":97,"column":0},"end":{"line":97,"column":4}},"98":{"start":{"line":99,"column":0},"end":{"line":99,"column":25}},"99":{"start":{"line":100,"column":0},"end":{"line":100,"column":22}},"100":{"start":{"line":101,"column":0},"end":{"line":101,"column":34}},"101":{"start":{"line":102,"column":0},"end":{"line":102,"column":21}},"102":{"start":{"line":103,"column":0},"end":{"line":103,"column":48}},"103":{"start":{"line":104,"column":0},"end":{"line":104,"column":33}},"104":{"start":{"line":105,"column":0},"end":{"line":105,"column":42}},"106":{"start":{"line":107,"column":0},"end":{"line":107,"column":13}},"107":{"start":{"line":108,"column":0},"end":{"line":108,"column":35}},"108":{"start":{"line":109,"column":0},"end":{"line":109,"column":41}},"109":{"start":{"line":110,"column":0},"end":{"line":110,"column":55}},"110":{"start":{"line":111,"column":0},"end":{"line":111,"column":8}},"112":{"start":{"line":113,"column":0},"end":{"line":113,"column":4}},"113":{"start":{"line":114,"column":0},"end":{"line":114,"column":49}},"114":{"start":{"line":115,"column":0},"end":{"line":115,"column":1}}},"s":{"0":1,"1":1,"6":1,"7":1,"8":1,"9":1,"11":1,"13":1,"14":1,"15":1,"16":1,"18":1,"19":1,"20":1,"21":1,"22":1,"23":1,"25":1,"26":1,"27":0,"28":0,"29":0,"30":0,"31":0,"32":0,"33":0,"34":0,"35":0,"36":1,"37":1,"38":0,"39":1,"40":1,"41":1,"42":0,"43":0,"44":1,"45":1,"47":1,"49":1,"50":0,"51":0,"52":0,"54":0,"55":0,"56":0,"57":0,"58":0,"59":0,"60":0,"61":0,"62":0,"63":0,"64":0,"66":1,"67":0,"68":0,"69":0,"70":0,"71":0,"72":0,"73":0,"74":0,"75":0,"76":0,"77":0,"78":0,"79":0,"82":1,"83":0,"84":0,"85":0,"86":0,"87":0,"88":0,"89":0,"91":1,"92":0,"94":0,"95":0,"96":0,"98":1,"99":1,"100":0,"101":1,"102":1,"103":0,"104":0,"106":0,"107":0,"108":0,"109":0,"110":0,"112":1,"113":1,"114":1},"branchMap":{"0":{"type":"branch","line":12,"loc":{"start":{"line":12,"column":28},"end":{"line":12,"column":71}},"locations":[{"start":{"line":12,"column":28},"end":{"line":12,"column":71}}]},"1":{"type":"branch","line":14,"loc":{"start":{"line":14,"column":0},"end":{"line":115,"column":1}},"locations":[{"start":{"line":14,"column":0},"end":{"line":115,"column":1}}]},"2":{"type":"branch","line":26,"loc":{"start":{"line":26,"column":12},"end":{"line":48,"column":5}},"locations":[{"start":{"line":26,"column":12},"end":{"line":48,"column":5}}]},"3":{"type":"branch","line":27,"loc":{"start":{"line":27,"column":8},"end":{"line":27,"column":32}},"locations":[{"start":{"line":27,"column":8},"end":{"line":27,"column":32}}]},"4":{"type":"branch","line":27,"loc":{"start":{"line":27,"column":32},"end":{"line":37,"column":11}},"locations":[{"start":{"line":27,"column":32},"end":{"line":37,"column":11}}]},"5":{"type":"branch","line":38,"loc":{"start":{"line":38,"column":20},"end":{"line":40,"column":13}},"locations":[{"start":{"line":38,"column":20},"end":{"line":40,"column":13}}]},"6":{"type":"branch","line":42,"loc":{"start":{"line":42,"column":12},"end":{"line":42,"column":47}},"locations":[{"start":{"line":42,"column":12},"end":{"line":42,"column":47}}]},"7":{"type":"branch","line":42,"loc":{"start":{"line":42,"column":47},"end":{"line":44,"column":9}},"locations":[{"start":{"line":42,"column":47},"end":{"line":44,"column":9}}]},"8":{"type":"branch","line":99,"loc":{"start":{"line":99,"column":18},"end":{"line":113,"column":4}},"locations":[{"start":{"line":99,"column":18},"end":{"line":113,"column":4}}]},"9":{"type":"branch","line":100,"loc":{"start":{"line":100,"column":11},"end":{"line":101,"column":34}},"locations":[{"start":{"line":100,"column":11},"end":{"line":101,"column":34}}]},"10":{"type":"branch","line":103,"loc":{"start":{"line":103,"column":46},"end":{"line":111,"column":8}},"locations":[{"start":{"line":103,"column":46},"end":{"line":111,"column":8}}]}},"b":{"0":[1],"1":[1],"2":[1],"3":[0],"4":[0],"5":[0],"6":[0],"7":[0],"8":[1],"9":[0],"10":[0]},"fnMap":{"0":{"name":"userAlreadyLoggedIn","decl":{"start":{"line":12,"column":28},"end":{"line":12,"column":71}},"loc":{"start":{"line":12,"column":28},"end":{"line":12,"column":71}},"line":12},"1":{"name":"Page","decl":{"start":{"line":14,"column":0},"end":{"line":115,"column":1}},"loc":{"start":{"line":14,"column":0},"end":{"line":115,"column":1}},"line":14},"2":{"name":"handleAuthenticate","decl":{"start":{"line":50,"column":29},"end":{"line":65,"column":4}},"loc":{"start":{"line":50,"column":29},"end":{"line":65,"column":4}},"line":50},"3":{"name":"retrieveUserData","decl":{"start":{"line":67,"column":27},"end":{"line":80,"column":4}},"loc":{"start":{"line":67,"column":27},"end":{"line":80,"column":4}},"line":67},"4":{"name":"getUserPreferences","decl":{"start":{"line":83,"column":29},"end":{"line":90,"column":4}},"loc":{"start":{"line":83,"column":29},"end":{"line":90,"column":4}},"line":83},"5":{"name":"handleAuthError","decl":{"start":{"line":92,"column":26},"end":{"line":97,"column":4}},"loc":{"start":{"line":92,"column":26},"end":{"line":97,"column":4}},"line":92},"6":{"name":"display","decl":{"start":{"line":99,"column":18},"end":{"line":113,"column":4}},"loc":{"start":{"line":99,"column":18},"end":{"line":113,"column":4}},"line":99}},"f":{"0":1,"1":1,"2":0,"3":0,"4":0,"5":0,"6":1}}
,"/Users/shayanshahla/repos/EmailEssence/frontend/src/reducers.jsx": {"path":"/Users/shayanshahla/repos/EmailEssence/frontend/src/reducers.jsx","all":false,"statementMap":{"0":{"start":{"line":1,"column":0},"end":{"line":1,"column":69}},"2":{"start":{"line":3,"column":0},"end":{"line":3,"column":47}},"3":{"start":{"line":4,"column":0},"end":{"line":4,"column":24}},"4":{"start":{"line":5,"column":0},"end":{"line":5,"column":23}},"5":{"start":{"line":6,"column":0},"end":{"line":6,"column":14}},"6":{"start":{"line":7,"column":0},"end":{"line":7,"column":18}},"7":{"start":{"line":8,"column":0},"end":{"line":8,"column":38}},"8":{"start":{"line":9,"column":0},"end":{"line":9,"column":8}},"9":{"start":{"line":10,"column":0},"end":{"line":10,"column":6}},"10":{"start":{"line":11,"column":0},"end":{"line":11,"column":24}},"11":{"start":{"line":12,"column":0},"end":{"line":12,"column":14}},"12":{"start":{"line":13,"column":0},"end":{"line":13,"column":18}},"13":{"start":{"line":14,"column":0},"end":{"line":14,"column":28}},"14":{"start":{"line":15,"column":0},"end":{"line":15,"column":8}},"15":{"start":{"line":16,"column":0},"end":{"line":16,"column":6}},"16":{"start":{"line":17,"column":0},"end":{"line":17,"column":25}},"17":{"start":{"line":18,"column":0},"end":{"line":18,"column":14}},"18":{"start":{"line":19,"column":0},"end":{"line":19,"column":18}},"19":{"start":{"line":20,"column":0},"end":{"line":20,"column":30}},"20":{"start":{"line":21,"column":0},"end":{"line":21,"column":8}},"21":{"start":{"line":22,"column":0},"end":{"line":22,"column":6}},"22":{"start":{"line":23,"column":0},"end":{"line":23,"column":4}},"23":{"start":{"line":24,"column":0},"end":{"line":24,"column":2}},"27":{"start":{"line":28,"column":0},"end":{"line":28,"column":64}},"29":{"start":{"line":30,"column":0},"end":{"line":30,"column":24}},"30":{"start":{"line":31,"column":0},"end":{"line":31,"column":163}},"31":{"start":{"line":32,"column":0},"end":{"line":32,"column":31}},"32":{"start":{"line":33,"column":0},"end":{"line":33,"column":31}},"33":{"start":{"line":34,"column":0},"end":{"line":34,"column":42}},"34":{"start":{"line":35,"column":0},"end":{"line":35,"column":73}},"35":{"start":{"line":36,"column":0},"end":{"line":36,"column":36}},"36":{"start":{"line":37,"column":0},"end":{"line":37,"column":44}},"37":{"start":{"line":38,"column":0},"end":{"line":38,"column":14}},"38":{"start":{"line":39,"column":0},"end":{"line":39,"column":9}},"39":{"start":{"line":40,"column":0},"end":{"line":40,"column":35}},"40":{"start":{"line":41,"column":0},"end":{"line":41,"column":31}},"41":{"start":{"line":42,"column":0},"end":{"line":42,"column":31}},"42":{"start":{"line":43,"column":0},"end":{"line":43,"column":50}},"43":{"start":{"line":44,"column":0},"end":{"line":44,"column":20}},"44":{"start":{"line":45,"column":0},"end":{"line":45,"column":36}},"45":{"start":{"line":46,"column":0},"end":{"line":46,"column":61}},"46":{"start":{"line":47,"column":0},"end":{"line":47,"column":14}},"47":{"start":{"line":48,"column":0},"end":{"line":48,"column":9}},"48":{"start":{"line":49,"column":0},"end":{"line":49,"column":22}},"49":{"start":{"line":50,"column":0},"end":{"line":50,"column":33}},"50":{"start":{"line":51,"column":0},"end":{"line":51,"column":33}},"51":{"start":{"line":52,"column":0},"end":{"line":52,"column":36}},"52":{"start":{"line":53,"column":0},"end":{"line":53,"column":20}},"53":{"start":{"line":54,"column":0},"end":{"line":54,"column":36}},"54":{"start":{"line":55,"column":0},"end":{"line":55,"column":35}},"55":{"start":{"line":56,"column":0},"end":{"line":56,"column":14}},"56":{"start":{"line":57,"column":0},"end":{"line":57,"column":9}},"57":{"start":{"line":58,"column":0},"end":{"line":58,"column":5}},"58":{"start":{"line":59,"column":0},"end":{"line":59,"column":1}}},"s":{"0":1,"2":1,"3":0,"4":0,"5":0,"6":0,"7":0,"8":0,"9":0,"10":0,"11":0,"12":0,"13":0,"14":0,"15":0,"16":0,"17":0,"18":0,"19":0,"20":0,"21":0,"22":0,"23":1,"27":1,"29":0,"30":0,"31":0,"32":0,"33":0,"34":0,"35":0,"36":0,"37":0,"38":0,"39":0,"40":0,"41":0,"42":0,"43":0,"44":0,"45":0,"46":0,"47":0,"48":0,"49":0,"50":0,"51":0,"52":0,"53":0,"54":0,"55":0,"56":0,"57":0,"58":0},"branchMap":{},"b":{},"fnMap":{"0":{"name":"clientReducer","decl":{"start":{"line":3,"column":7},"end":{"line":24,"column":1}},"loc":{"start":{"line":3,"column":7},"end":{"line":24,"column":1}},"line":3},"1":{"name":"userPreferencesReducer","decl":{"start":{"line":28,"column":7},"end":{"line":59,"column":1}},"loc":{"start":{"line":28,"column":7},"end":{"line":59,"column":1}},"line":28}},"f":{"0":0,"1":0}}
,"/Users/shayanshahla/repos/EmailEssence/frontend/src/assets/FullScreenIcon.jsx": {"path":"/Users/shayanshahla/repos/EmailEssence/frontend/src/assets/FullScreenIcon.jsx","all":false,"statementMap":{"0":{"start":{"line":1,"column":0},"end":{"line":1,"column":40}},"1":{"start":{"line":2,"column":0},"end":{"line":2,"column":10}},"2":{"start":{"line":3,"column":0},"end":{"line":3,"column":8}},"3":{"start":{"line":4,"column":0},"end":{"line":4,"column":40}},"4":{"start":{"line":5,"column":0},"end":{"line":5,"column":16}},"5":{"start":{"line":6,"column":0},"end":{"line":6,"column":17}},"6":{"start":{"line":7,"column":0},"end":{"line":7,"column":25}},"7":{"start":{"line":8,"column":0},"end":{"line":8,"column":17}},"9":{"start":{"line":10,"column":0},"end":{"line":10,"column":11}},"10":{"start":{"line":11,"column":0},"end":{"line":11,"column":395}},"11":{"start":{"line":12,"column":0},"end":{"line":12,"column":27}},"12":{"start":{"line":13,"column":0},"end":{"line":13,"column":8}},"13":{"start":{"line":14,"column":0},"end":{"line":14,"column":11}},"14":{"start":{"line":15,"column":0},"end":{"line":15,"column":396}},"15":{"start":{"line":16,"column":0},"end":{"line":16,"column":27}},"16":{"start":{"line":17,"column":0},"end":{"line":17,"column":8}},"17":{"start":{"line":18,"column":0},"end":{"line":18,"column":10}},"19":{"start":{"line":20,"column":0},"end":{"line":20,"column":1}}},"s":{"0":0,"1":0,"2":0,"3":0,"4":0,"5":0,"6":0,"7":0,"9":0,"10":0,"11":0,"12":0,"13":0,"14":0,"15":0,"16":0,"17":0,"19":0},"branchMap":{},"b":{},"fnMap":{"0":{"name":"SvgComponent","decl":{"start":{"line":1,"column":0},"end":{"line":20,"column":1}},"loc":{"start":{"line":1,"column":0},"end":{"line":20,"column":1}},"line":1}},"f":{"0":0}}
,"/Users/shayanshahla/repos/EmailEssence/frontend/src/assets/InboxArrow.jsx": {"path":"/Users/shayanshahla/repos/EmailEssence/frontend/src/assets/InboxArrow.jsx","all":false,"statementMap":{"0":{"start":{"line":1,"column":0},"end":{"line":1,"column":40}},"1":{"start":{"line":2,"column":0},"end":{"line":2,"column":10}},"2":{"start":{"line":3,"column":0},"end":{"line":3,"column":8}},"3":{"start":{"line":4,"column":0},"end":{"line":4,"column":40}},"4":{"start":{"line":5,"column":0},"end":{"line":5,"column":17}},"5":{"start":{"line":6,"column":0},"end":{"line":6,"column":25}},"6":{"start":{"line":7,"column":0},"end":{"line":7,"column":18}},"7":{"start":{"line":8,"column":0},"end":{"line":8,"column":19}},"8":{"start":{"line":9,"column":0},"end":{"line":9,"column":41}},"10":{"start":{"line":11,"column":0},"end":{"line":11,"column":11}},"11":{"start":{"line":12,"column":0},"end":{"line":12,"column":26}},"12":{"start":{"line":13,"column":0},"end":{"line":13,"column":26}},"13":{"start":{"line":14,"column":0},"end":{"line":14,"column":962}},"14":{"start":{"line":15,"column":0},"end":{"line":15,"column":27}},"15":{"start":{"line":16,"column":0},"end":{"line":16,"column":8}},"16":{"start":{"line":17,"column":0},"end":{"line":17,"column":10}},"18":{"start":{"line":19,"column":0},"end":{"line":19,"column":1}}},"s":{"0":0,"1":0,"2":0,"3":0,"4":0,"5":0,"6":0,"7":0,"8":0,"10":0,"11":0,"12":0,"13":0,"14":0,"15":0,"16":0,"18":0},"branchMap":{},"b":{},"fnMap":{"0":{"name":"SvgComponent","decl":{"start":{"line":1,"column":0},"end":{"line":19,"column":1}},"loc":{"start":{"line":1,"column":0},"end":{"line":19,"column":1}},"line":1}},"f":{"0":0}}
,"/Users/shayanshahla/repos/EmailEssence/frontend/src/assets/InboxIcon.jsx": {"path":"/Users/shayanshahla/repos/EmailEssence/frontend/src/assets/InboxIcon.jsx","all":false,"statementMap":{"0":{"start":{"line":1,"column":0},"end":{"line":1,"column":40}},"1":{"start":{"line":2,"column":0},"end":{"line":2,"column":10}},"2":{"start":{"line":3,"column":0},"end":{"line":3,"column":76}},"3":{"start":{"line":4,"column":0},"end":{"line":4,"column":11}},"4":{"start":{"line":5,"column":0},"end":{"line":5,"column":135}},"5":{"start":{"line":6,"column":0},"end":{"line":6,"column":29}},"6":{"start":{"line":7,"column":0},"end":{"line":7,"column":29}},"7":{"start":{"line":8,"column":0},"end":{"line":8,"column":25}},"8":{"start":{"line":9,"column":0},"end":{"line":9,"column":8}},"9":{"start":{"line":10,"column":0},"end":{"line":10,"column":10}},"11":{"start":{"line":12,"column":0},"end":{"line":12,"column":1}}},"s":{"0":0,"1":0,"2":0,"3":0,"4":0,"5":0,"6":0,"7":0,"8":0,"9":0,"11":0},"branchMap":{},"b":{},"fnMap":{"0":{"name":"SvgComponent","decl":{"start":{"line":1,"column":0},"end":{"line":12,"column":1}},"loc":{"start":{"line":1,"column":0},"end":{"line":12,"column":1}},"line":1}},"f":{"0":0}}
,"/Users/shayanshahla/repos/EmailEssence/frontend/src/assets/Logo.jsx": {"path":"/Users/shayanshahla/repos/EmailEssence/frontend/src/assets/Logo.jsx","all":false,"statementMap":{"0":{"start":{"line":1,"column":0},"end":{"line":1,"column":40}},"1":{"start":{"line":2,"column":0},"end":{"line":2,"column":10}},"2":{"start":{"line":3,"column":0},"end":{"line":3,"column":8}},"3":{"start":{"line":4,"column":0},"end":{"line":4,"column":19}},"4":{"start":{"line":5,"column":0},"end":{"line":5,"column":40}},"5":{"start":{"line":6,"column":0},"end":{"line":6,"column":27}},"6":{"start":{"line":7,"column":0},"end":{"line":7,"column":18}},"7":{"start":{"line":8,"column":0},"end":{"line":8,"column":19}},"9":{"start":{"line":10,"column":0},"end":{"line":10,"column":11}},"10":{"start":{"line":11,"column":0},"end":{"line":11,"column":173}},"11":{"start":{"line":12,"column":0},"end":{"line":12,"column":27}},"12":{"start":{"line":13,"column":0},"end":{"line":13,"column":37}},"13":{"start":{"line":14,"column":0},"end":{"line":14,"column":8}},"14":{"start":{"line":15,"column":0},"end":{"line":15,"column":11}},"15":{"start":{"line":16,"column":0},"end":{"line":16,"column":172}},"16":{"start":{"line":17,"column":0},"end":{"line":17,"column":27}},"17":{"start":{"line":18,"column":0},"end":{"line":18,"column":36}},"18":{"start":{"line":19,"column":0},"end":{"line":19,"column":8}},"19":{"start":{"line":20,"column":0},"end":{"line":20,"column":11}},"20":{"start":{"line":21,"column":0},"end":{"line":21,"column":975}},"21":{"start":{"line":22,"column":0},"end":{"line":22,"column":27}},"22":{"start":{"line":23,"column":0},"end":{"line":23,"column":38}},"23":{"start":{"line":24,"column":0},"end":{"line":24,"column":8}},"24":{"start":{"line":25,"column":0},"end":{"line":25,"column":11}},"25":{"start":{"line":26,"column":0},"end":{"line":26,"column":1538}},"26":{"start":{"line":27,"column":0},"end":{"line":27,"column":27}},"27":{"start":{"line":28,"column":0},"end":{"line":28,"column":38}},"28":{"start":{"line":29,"column":0},"end":{"line":29,"column":8}},"29":{"start":{"line":30,"column":0},"end":{"line":30,"column":11}},"30":{"start":{"line":31,"column":0},"end":{"line":31,"column":1542}},"31":{"start":{"line":32,"column":0},"end":{"line":32,"column":27}},"32":{"start":{"line":33,"column":0},"end":{"line":33,"column":38}},"33":{"start":{"line":34,"column":0},"end":{"line":34,"column":8}},"34":{"start":{"line":35,"column":0},"end":{"line":35,"column":11}},"35":{"start":{"line":36,"column":0},"end":{"line":36,"column":305}},"36":{"start":{"line":37,"column":0},"end":{"line":37,"column":27}},"37":{"start":{"line":38,"column":0},"end":{"line":38,"column":38}},"38":{"start":{"line":39,"column":0},"end":{"line":39,"column":8}},"39":{"start":{"line":40,"column":0},"end":{"line":40,"column":11}},"40":{"start":{"line":41,"column":0},"end":{"line":41,"column":307}},"41":{"start":{"line":42,"column":0},"end":{"line":42,"column":27}},"42":{"start":{"line":43,"column":0},"end":{"line":43,"column":37}},"43":{"start":{"line":44,"column":0},"end":{"line":44,"column":8}},"44":{"start":{"line":45,"column":0},"end":{"line":45,"column":11}},"45":{"start":{"line":46,"column":0},"end":{"line":46,"column":309}},"46":{"start":{"line":47,"column":0},"end":{"line":47,"column":27}},"47":{"start":{"line":48,"column":0},"end":{"line":48,"column":38}},"48":{"start":{"line":49,"column":0},"end":{"line":49,"column":8}},"49":{"start":{"line":50,"column":0},"end":{"line":50,"column":11}},"50":{"start":{"line":51,"column":0},"end":{"line":51,"column":1049}},"51":{"start":{"line":52,"column":0},"end":{"line":52,"column":27}},"52":{"start":{"line":53,"column":0},"end":{"line":53,"column":38}},"53":{"start":{"line":54,"column":0},"end":{"line":54,"column":8}},"54":{"start":{"line":55,"column":0},"end":{"line":55,"column":10}},"56":{"start":{"line":57,"column":0},"end":{"line":57,"column":1}}},"s":{"0":0,"1":0,"2":0,"3":0,"4":0,"5":0,"6":0,"7":0,"9":0,"10":0,"11":0,"12":0,"13":0,"14":0,"15":0,"16":0,"17":0,"18":0,"19":0,"20":0,"21":0,"22":0,"23":0,"24":0,"25":0,"26":0,"27":0,"28":0,"29":0,"30":0,"31":0,"32":0,"33":0,"34":0,"35":0,"36":0,"37":0,"38":0,"39":0,"40":0,"41":0,"42":0,"43":0,"44":0,"45":0,"46":0,"47":0,"48":0,"49":0,"50":0,"51":0,"52":0,"53":0,"54":0,"56":0},"branchMap":{},"b":{},"fnMap":{"0":{"name":"SvgComponent","decl":{"start":{"line":1,"column":0},"end":{"line":57,"column":1}},"loc":{"start":{"line":1,"column":0},"end":{"line":57,"column":1}},"line":1}},"f":{"0":0}}
,"/Users/shayanshahla/repos/EmailEssence/frontend/src/assets/ReaderView.jsx": {"path":"/Users/shayanshahla/repos/EmailEssence/frontend/src/assets/ReaderView.jsx","all":false,"statementMap":{"0":{"start":{"line":1,"column":0},"end":{"line":1,"column":40}},"1":{"start":{"line":2,"column":0},"end":{"line":2,"column":10}},"2":{"start":{"line":3,"column":0},"end":{"line":3,"column":8}},"3":{"start":{"line":4,"column":0},"end":{"line":4,"column":19}},"4":{"start":{"line":5,"column":0},"end":{"line":5,"column":40}},"5":{"start":{"line":6,"column":0},"end":{"line":6,"column":27}},"6":{"start":{"line":7,"column":0},"end":{"line":7,"column":18}},"7":{"start":{"line":8,"column":0},"end":{"line":8,"column":19}},"9":{"start":{"line":10,"column":0},"end":{"line":10,"column":11}},"10":{"start":{"line":11,"column":0},"end":{"line":11,"column":9229}},"11":{"start":{"line":12,"column":0},"end":{"line":12,"column":27}},"12":{"start":{"line":13,"column":0},"end":{"line":13,"column":53}},"13":{"start":{"line":14,"column":0},"end":{"line":14,"column":8}},"14":{"start":{"line":15,"column":0},"end":{"line":15,"column":11}},"15":{"start":{"line":16,"column":0},"end":{"line":16,"column":1158}},"16":{"start":{"line":17,"column":0},"end":{"line":17,"column":27}},"17":{"start":{"line":18,"column":0},"end":{"line":18,"column":50}},"18":{"start":{"line":19,"column":0},"end":{"line":19,"column":8}},"19":{"start":{"line":20,"column":0},"end":{"line":20,"column":11}},"20":{"start":{"line":21,"column":0},"end":{"line":21,"column":1194}},"21":{"start":{"line":22,"column":0},"end":{"line":22,"column":27}},"22":{"start":{"line":23,"column":0},"end":{"line":23,"column":55}},"23":{"start":{"line":24,"column":0},"end":{"line":24,"column":8}},"24":{"start":{"line":25,"column":0},"end":{"line":25,"column":11}},"25":{"start":{"line":26,"column":0},"end":{"line":26,"column":1747}},"26":{"start":{"line":27,"column":0},"end":{"line":27,"column":27}},"27":{"start":{"line":28,"column":0},"end":{"line":28,"column":63}},"28":{"start":{"line":29,"column":0},"end":{"line":29,"column":8}},"29":{"start":{"line":30,"column":0},"end":{"line":30,"column":10}},"31":{"start":{"line":32,"column":0},"end":{"line":32,"column":1}}},"s":{"0":0,"1":0,"2":0,"3":0,"4":0,"5":0,"6":0,"7":0,"9":0,"10":0,"11":0,"12":0,"13":0,"14":0,"15":0,"16":0,"17":0,"18":0,"19":0,"20":0,"21":0,"22":0,"23":0,"24":0,"25":0,"26":0,"27":0,"28":0,"29":0,"31":0},"branchMap":{},"b":{},"fnMap":{"0":{"name":"SvgComponent","decl":{"start":{"line":1,"column":0},"end":{"line":32,"column":1}},"loc":{"start":{"line":1,"column":0},"end":{"line":32,"column":1}},"line":1}},"f":{"0":0}}
,"/Users/shayanshahla/repos/EmailEssence/frontend/src/assets/SettingsIcon.jsx": {"path":"/Users/shayanshahla/repos/EmailEssence/frontend/src/assets/SettingsIcon.jsx","all":false,"statementMap":{"0":{"start":{"line":1,"column":0},"end":{"line":1,"column":40}},"1":{"start":{"line":2,"column":0},"end":{"line":2,"column":10}},"2":{"start":{"line":3,"column":0},"end":{"line":3,"column":64}},"3":{"start":{"line":4,"column":0},"end":{"line":4,"column":11}},"4":{"start":{"line":5,"column":0},"end":{"line":5,"column":1299}},"5":{"start":{"line":6,"column":0},"end":{"line":6,"column":27}},"6":{"start":{"line":7,"column":0},"end":{"line":7,"column":8}},"7":{"start":{"line":8,"column":0},"end":{"line":8,"column":10}},"9":{"start":{"line":10,"column":0},"end":{"line":10,"column":1}}},"s":{"0":0,"1":0,"2":0,"3":0,"4":0,"5":0,"6":0,"7":0,"9":0},"branchMap":{},"b":{},"fnMap":{"0":{"name":"SvgComponent","decl":{"start":{"line":1,"column":0},"end":{"line":10,"column":1}},"loc":{"start":{"line":1,"column":0},"end":{"line":10,"column":1}},"line":1}},"f":{"0":0}}
,"/Users/shayanshahla/repos/EmailEssence/frontend/src/assets/ViewIcon.jsx": {"path":"/Users/shayanshahla/repos/EmailEssence/frontend/src/assets/ViewIcon.jsx","all":false,"statementMap":{"0":{"start":{"line":1,"column":0},"end":{"line":1,"column":40}},"1":{"start":{"line":2,"column":0},"end":{"line":2,"column":10}},"2":{"start":{"line":3,"column":0},"end":{"line":3,"column":8}},"3":{"start":{"line":4,"column":0},"end":{"line":4,"column":19}},"4":{"start":{"line":5,"column":0},"end":{"line":5,"column":40}},"5":{"start":{"line":6,"column":0},"end":{"line":6,"column":27}},"6":{"start":{"line":7,"column":0},"end":{"line":7,"column":18}},"7":{"start":{"line":8,"column":0},"end":{"line":8,"column":19}},"9":{"start":{"line":10,"column":0},"end":{"line":10,"column":11}},"10":{"start":{"line":11,"column":0},"end":{"line":11,"column":6090}},"11":{"start":{"line":12,"column":0},"end":{"line":12,"column":27}},"12":{"start":{"line":13,"column":0},"end":{"line":13,"column":68}},"13":{"start":{"line":14,"column":0},"end":{"line":14,"column":8}},"14":{"start":{"line":15,"column":0},"end":{"line":15,"column":11}},"15":{"start":{"line":16,"column":0},"end":{"line":16,"column":5616}},"16":{"start":{"line":17,"column":0},"end":{"line":17,"column":27}},"17":{"start":{"line":18,"column":0},"end":{"line":18,"column":69}},"18":{"start":{"line":19,"column":0},"end":{"line":19,"column":8}},"19":{"start":{"line":20,"column":0},"end":{"line":20,"column":11}},"20":{"start":{"line":21,"column":0},"end":{"line":21,"column":4676}},"21":{"start":{"line":22,"column":0},"end":{"line":22,"column":27}},"22":{"start":{"line":23,"column":0},"end":{"line":23,"column":66}},"23":{"start":{"line":24,"column":0},"end":{"line":24,"column":8}},"24":{"start":{"line":25,"column":0},"end":{"line":25,"column":11}},"25":{"start":{"line":26,"column":0},"end":{"line":26,"column":4335}},"26":{"start":{"line":27,"column":0},"end":{"line":27,"column":27}},"27":{"start":{"line":28,"column":0},"end":{"line":28,"column":68}},"28":{"start":{"line":29,"column":0},"end":{"line":29,"column":8}},"29":{"start":{"line":30,"column":0},"end":{"line":30,"column":10}},"31":{"start":{"line":32,"column":0},"end":{"line":32,"column":1}}},"s":{"0":0,"1":0,"2":0,"3":0,"4":0,"5":0,"6":0,"7":0,"9":0,"10":0,"11":0,"12":0,"13":0,"14":0,"15":0,"16":0,"17":0,"18":0,"19":0,"20":0,"21":0,"22":0,"23":0,"24":0,"25":0,"26":0,"27":0,"28":0,"29":0,"31":0},"branchMap":{},"b":{},"fnMap":{"0":{"name":"SvgComponent","decl":{"start":{"line":1,"column":0},"end":{"line":32,"column":1}},"loc":{"start":{"line":1,"column":0},"end":{"line":32,"column":1}},"line":1}},"f":{"0":0}}
,"/Users/shayanshahla/repos/EmailEssence/frontend/src/assets/constants.js": {"path":"/Users/shayanshahla/repos/EmailEssence/frontend/src/assets/constants.js","all":false,"statementMap":{"0":{"start":{"line":1,"column":0},"end":{"line":1,"column":33}},"1":{"start":{"line":2,"column":0},"end":{"line":2,"column":33}},"2":{"start":{"line":3,"column":0},"end":{"line":3,"column":33}},"3":{"start":{"line":4,"column":0},"end":{"line":4,"column":37}},"4":{"start":{"line":5,"column":0},"end":{"line":5,"column":33}},"5":{"start":{"line":6,"column":0},"end":{"line":6,"column":33}},"6":{"start":{"line":7,"column":0},"end":{"line":7,"column":32}}},"s":{"0":1,"1":1,"2":1,"3":1,"4":1,"5":1,"6":1},"branchMap":{},"b":{},"fnMap":{},"f":{}}
,"/Users/shayanshahla/repos/EmailEssence/frontend/src/authentication/authenticate.js": {"path":"/Users/shayanshahla/repos/EmailEssence/frontend/src/authentication/authenticate.js","all":false,"statementMap":{"0":{"start":{"line":1,"column":0},"end":{"line":1,"column":52}},"2":{"start":{"line":3,"column":0},"end":{"line":3,"column":34}},"3":{"start":{"line":4,"column":0},"end":{"line":4,"column":23}},"4":{"start":{"line":5,"column":0},"end":{"line":5,"column":31}},"5":{"start":{"line":6,"column":0},"end":{"line":6,"column":35}},"6":{"start":{"line":7,"column":0},"end":{"line":7,"column":31}},"7":{"start":{"line":8,"column":0},"end":{"line":8,"column":16}},"8":{"start":{"line":9,"column":0},"end":{"line":9,"column":3}},"9":{"start":{"line":10,"column":0},"end":{"line":10,"column":49}},"10":{"start":{"line":11,"column":0},"end":{"line":11,"column":2}},"12":{"start":{"line":13,"column":0},"end":{"line":13,"column":41}},"13":{"start":{"line":14,"column":0},"end":{"line":14,"column":60}},"14":{"start":{"line":15,"column":0},"end":{"line":15,"column":7}},"15":{"start":{"line":16,"column":0},"end":{"line":16,"column":48}},"16":{"start":{"line":17,"column":0},"end":{"line":17,"column":80}},"17":{"start":{"line":18,"column":0},"end":{"line":18,"column":19}},"18":{"start":{"line":19,"column":0},"end":{"line":19,"column":40}},"19":{"start":{"line":20,"column":0},"end":{"line":20,"column":3}},"20":{"start":{"line":21,"column":0},"end":{"line":21,"column":2}},"22":{"start":{"line":23,"column":0},"end":{"line":23,"column":66}},"23":{"start":{"line":24,"column":0},"end":{"line":24,"column":36}},"24":{"start":{"line":25,"column":0},"end":{"line":25,"column":36}},"25":{"start":{"line":26,"column":0},"end":{"line":26,"column":42}},"26":{"start":{"line":27,"column":0},"end":{"line":27,"column":9}},"27":{"start":{"line":28,"column":0},"end":{"line":28,"column":45}},"28":{"start":{"line":29,"column":0},"end":{"line":29,"column":69}},"30":{"start":{"line":31,"column":0},"end":{"line":31,"column":55}},"31":{"start":{"line":32,"column":0},"end":{"line":32,"column":65}},"32":{"start":{"line":33,"column":0},"end":{"line":33,"column":30}},"33":{"start":{"line":34,"column":0},"end":{"line":34,"column":46}},"34":{"start":{"line":35,"column":0},"end":{"line":35,"column":16}},"35":{"start":{"line":36,"column":0},"end":{"line":36,"column":43}},"36":{"start":{"line":37,"column":0},"end":{"line":37,"column":9}},"37":{"start":{"line":38,"column":0},"end":{"line":38,"column":7}},"38":{"start":{"line":39,"column":0},"end":{"line":39,"column":32}},"39":{"start":{"line":40,"column":0},"end":{"line":40,"column":13}},"40":{"start":{"line":41,"column":0},"end":{"line":41,"column":21}},"41":{"start":{"line":42,"column":0},"end":{"line":42,"column":56}},"42":{"start":{"line":43,"column":0},"end":{"line":43,"column":5}},"43":{"start":{"line":44,"column":0},"end":{"line":44,"column":3}},"44":{"start":{"line":45,"column":0},"end":{"line":45,"column":2}},"46":{"start":{"line":47,"column":0},"end":{"line":47,"column":49}},"47":{"start":{"line":48,"column":0},"end":{"line":48,"column":18}},"48":{"start":{"line":49,"column":0},"end":{"line":49,"column":18}},"49":{"start":{"line":50,"column":0},"end":{"line":50,"column":14}},"50":{"start":{"line":51,"column":0},"end":{"line":51,"column":39}},"51":{"start":{"line":52,"column":0},"end":{"line":52,"column":41}},"52":{"start":{"line":53,"column":0},"end":{"line":53,"column":6}},"53":{"start":{"line":54,"column":0},"end":{"line":54,"column":4}},"54":{"start":{"line":55,"column":0},"end":{"line":55,"column":60}},"55":{"start":{"line":56,"column":0},"end":{"line":56,"column":42}},"56":{"start":{"line":57,"column":0},"end":{"line":57,"column":49}},"57":{"start":{"line":58,"column":0},"end":{"line":58,"column":37}},"58":{"start":{"line":59,"column":0},"end":{"line":59,"column":2}}},"s":{"0":1,"2":1,"3":0,"4":0,"5":0,"6":0,"7":0,"8":0,"9":0,"10":0,"12":1,"13":0,"14":0,"15":0,"16":0,"17":0,"18":0,"19":0,"20":0,"22":1,"23":0,"24":0,"25":0,"26":0,"27":0,"28":0,"30":0,"31":0,"32":0,"33":0,"34":0,"35":0,"36":0,"37":0,"38":0,"39":0,"40":0,"41":0,"42":0,"43":0,"44":0,"46":1,"47":0,"48":0,"49":0,"50":0,"51":0,"52":0,"53":0,"54":0,"55":0,"56":0,"57":0,"58":0},"branchMap":{},"b":{},"fnMap":{"0":{"name":"parseURL","decl":{"start":{"line":3,"column":24},"end":{"line":11,"column":2}},"loc":{"start":{"line":3,"column":24},"end":{"line":11,"column":2}},"line":3},"1":{"name":"authenticate","decl":{"start":{"line":13,"column":28},"end":{"line":21,"column":2}},"loc":{"start":{"line":13,"column":28},"end":{"line":21,"column":2}},"line":13},"2":{"name":"handleOAuthCallback","decl":{"start":{"line":23,"column":35},"end":{"line":45,"column":2}},"loc":{"start":{"line":23,"column":35},"end":{"line":45,"column":2}},"line":23},"3":{"name":"checkAuthStatus","decl":{"start":{"line":47,"column":31},"end":{"line":59,"column":2}},"loc":{"start":{"line":47,"column":31},"end":{"line":59,"column":2}},"line":47}},"f":{"0":0,"1":0,"2":0,"3":0}}
,"/Users/shayanshahla/repos/EmailEssence/frontend/src/components/dashboard/dashboard.jsx": {"path":"/Users/shayanshahla/repos/EmailEssence/frontend/src/components/dashboard/dashboard.jsx","all":false,"statementMap":{"0":{"start":{"line":1,"column":0},"end":{"line":1,"column":45}},"1":{"start":{"line":2,"column":0},"end":{"line":2,"column":50}},"2":{"start":{"line":3,"column":0},"end":{"line":3,"column":39}},"3":{"start":{"line":4,"column":0},"end":{"line":4,"column":25}},"5":{"start":{"line":6,"column":0},"end":{"line":6,"column":35}},"6":{"start":{"line":7,"column":0},"end":{"line":7,"column":12}},"7":{"start":{"line":8,"column":0},"end":{"line":8,"column":19}},"8":{"start":{"line":9,"column":0},"end":{"line":9,"column":14}},"9":{"start":{"line":10,"column":0},"end":{"line":10,"column":4}},"10":{"start":{"line":11,"column":0},"end":{"line":11,"column":10}},"11":{"start":{"line":12,"column":0},"end":{"line":12,"column":31}},"12":{"start":{"line":13,"column":0},"end":{"line":13,"column":24}},"13":{"start":{"line":14,"column":0},"end":{"line":14,"column":29}},"14":{"start":{"line":15,"column":0},"end":{"line":15,"column":33}},"15":{"start":{"line":16,"column":0},"end":{"line":16,"column":43}},"16":{"start":{"line":17,"column":0},"end":{"line":17,"column":8}},"17":{"start":{"line":18,"column":0},"end":{"line":18,"column":20}},"18":{"start":{"line":19,"column":0},"end":{"line":19,"column":29}},"19":{"start":{"line":20,"column":0},"end":{"line":20,"column":43}},"20":{"start":{"line":21,"column":0},"end":{"line":21,"column":33}},"21":{"start":{"line":22,"column":0},"end":{"line":22,"column":8}},"22":{"start":{"line":23,"column":0},"end":{"line":23,"column":10}},"24":{"start":{"line":25,"column":0},"end":{"line":25,"column":1}},"26":{"start":{"line":27,"column":0},"end":{"line":27,"column":74}},"27":{"start":{"line":28,"column":0},"end":{"line":28,"column":24}},"28":{"start":{"line":29,"column":0},"end":{"line":29,"column":38}},"29":{"start":{"line":30,"column":0},"end":{"line":30,"column":27}},"30":{"start":{"line":31,"column":0},"end":{"line":31,"column":45}},"31":{"start":{"line":32,"column":0},"end":{"line":32,"column":23}},"32":{"start":{"line":33,"column":0},"end":{"line":33,"column":20}},"33":{"start":{"line":34,"column":0},"end":{"line":34,"column":34}},"34":{"start":{"line":35,"column":0},"end":{"line":35,"column":27}},"35":{"start":{"line":36,"column":0},"end":{"line":36,"column":35}},"36":{"start":{"line":37,"column":0},"end":{"line":37,"column":45}},"37":{"start":{"line":38,"column":0},"end":{"line":38,"column":10}},"38":{"start":{"line":39,"column":0},"end":{"line":39,"column":8}},"39":{"start":{"line":40,"column":0},"end":{"line":40,"column":5}},"40":{"start":{"line":41,"column":0},"end":{"line":41,"column":23}},"41":{"start":{"line":42,"column":0},"end":{"line":42,"column":4}},"42":{"start":{"line":43,"column":0},"end":{"line":43,"column":73}},"43":{"start":{"line":44,"column":0},"end":{"line":44,"column":1}},"45":{"start":{"line":46,"column":0},"end":{"line":46,"column":64}},"46":{"start":{"line":47,"column":0},"end":{"line":47,"column":10}},"47":{"start":{"line":48,"column":0},"end":{"line":48,"column":44}},"48":{"start":{"line":49,"column":0},"end":{"line":49,"column":57}},"49":{"start":{"line":50,"column":0},"end":{"line":50,"column":10}},"50":{"start":{"line":51,"column":0},"end":{"line":51,"column":30}},"51":{"start":{"line":52,"column":0},"end":{"line":52,"column":24}},"52":{"start":{"line":53,"column":0},"end":{"line":53,"column":29}},"53":{"start":{"line":54,"column":0},"end":{"line":54,"column":36}},"54":{"start":{"line":55,"column":0},"end":{"line":55,"column":10}},"56":{"start":{"line":57,"column":0},"end":{"line":57,"column":20}},"57":{"start":{"line":58,"column":0},"end":{"line":58,"column":12}},"58":{"start":{"line":59,"column":0},"end":{"line":59,"column":10}},"60":{"start":{"line":61,"column":0},"end":{"line":61,"column":1}}},"s":{"0":1,"1":1,"2":1,"3":1,"5":0,"6":0,"7":0,"8":0,"9":0,"10":0,"11":0,"12":0,"13":0,"14":0,"15":0,"16":0,"17":0,"18":0,"19":0,"20":0,"21":0,"22":0,"24":0,"26":0,"27":0,"28":0,"29":0,"30":0,"31":0,"32":0,"33":0,"34":0,"35":0,"36":0,"37":0,"38":0,"39":0,"40":0,"41":0,"42":0,"43":0,"45":0,"46":0,"47":0,"48":0,"49":0,"50":0,"51":0,"52":0,"53":0,"54":0,"56":0,"57":0,"58":0,"60":0},"branchMap":{},"b":{},"fnMap":{"0":{"name":"Dashboard","decl":{"start":{"line":6,"column":0},"end":{"line":25,"column":1}},"loc":{"start":{"line":6,"column":0},"end":{"line":25,"column":1}},"line":6},"1":{"name":"WeightedEmailList","decl":{"start":{"line":27,"column":0},"end":{"line":44,"column":1}},"loc":{"start":{"line":27,"column":0},"end":{"line":44,"column":1}},"line":27},"2":{"name":"WEListEmail","decl":{"start":{"line":46,"column":0},"end":{"line":61,"column":1}},"loc":{"start":{"line":46,"column":0},"end":{"line":61,"column":1}},"line":46}},"f":{"0":0,"1":0,"2":0}}
,"/Users/shayanshahla/repos/EmailEssence/frontend/src/components/dashboard/miniview.jsx": {"path":"/Users/shayanshahla/repos/EmailEssence/frontend/src/components/dashboard/miniview.jsx","all":false,"statementMap":{"1":{"start":{"line":2,"column":0},"end":{"line":2,"column":52}},"2":{"start":{"line":3,"column":0},"end":{"line":3,"column":57}},"3":{"start":{"line":4,"column":0},"end":{"line":4,"column":48}},"4":{"start":{"line":5,"column":0},"end":{"line":5,"column":55}},"5":{"start":{"line":6,"column":0},"end":{"line":6,"column":24}},"7":{"start":{"line":8,"column":0},"end":{"line":8,"column":39}},"8":{"start":{"line":9,"column":0},"end":{"line":9,"column":12}},"9":{"start":{"line":10,"column":0},"end":{"line":10,"column":19}},"10":{"start":{"line":11,"column":0},"end":{"line":11,"column":14}},"11":{"start":{"line":12,"column":0},"end":{"line":12,"column":4}},"12":{"start":{"line":13,"column":0},"end":{"line":13,"column":10}},"13":{"start":{"line":14,"column":0},"end":{"line":14,"column":31}},"14":{"start":{"line":15,"column":0},"end":{"line":15,"column":58}},"15":{"start":{"line":16,"column":0},"end":{"line":16,"column":19}},"16":{"start":{"line":17,"column":0},"end":{"line":17,"column":29}},"17":{"start":{"line":18,"column":0},"end":{"line":18,"column":33}},"18":{"start":{"line":19,"column":0},"end":{"line":19,"column":43}},"19":{"start":{"line":20,"column":0},"end":{"line":20,"column":8}},"20":{"start":{"line":21,"column":0},"end":{"line":21,"column":10}},"22":{"start":{"line":23,"column":0},"end":{"line":23,"column":1}},"24":{"start":{"line":25,"column":0},"end":{"line":25,"column":45}},"25":{"start":{"line":26,"column":0},"end":{"line":26,"column":10}},"26":{"start":{"line":27,"column":0},"end":{"line":27,"column":36}},"27":{"start":{"line":28,"column":0},"end":{"line":28,"column":44}},"28":{"start":{"line":29,"column":0},"end":{"line":29,"column":36}},"29":{"start":{"line":30,"column":0},"end":{"line":30,"column":23}},"30":{"start":{"line":31,"column":0},"end":{"line":31,"column":14}},"31":{"start":{"line":32,"column":0},"end":{"line":32,"column":47}},"32":{"start":{"line":33,"column":0},"end":{"line":33,"column":12}},"33":{"start":{"line":34,"column":0},"end":{"line":34,"column":10}},"34":{"start":{"line":35,"column":0},"end":{"line":35,"column":33}},"35":{"start":{"line":36,"column":0},"end":{"line":36,"column":21}},"36":{"start":{"line":37,"column":0},"end":{"line":37,"column":49}},"38":{"start":{"line":39,"column":0},"end":{"line":39,"column":26}},"39":{"start":{"line":40,"column":0},"end":{"line":40,"column":12}},"40":{"start":{"line":41,"column":0},"end":{"line":41,"column":10}},"42":{"start":{"line":43,"column":0},"end":{"line":43,"column":1}},"44":{"start":{"line":45,"column":0},"end":{"line":45,"column":69}},"45":{"start":{"line":46,"column":0},"end":{"line":46,"column":40}},"46":{"start":{"line":47,"column":0},"end":{"line":47,"column":27}},"47":{"start":{"line":48,"column":0},"end":{"line":48,"column":19}},"48":{"start":{"line":49,"column":0},"end":{"line":49,"column":44}},"49":{"start":{"line":50,"column":0},"end":{"line":50,"column":29}},"50":{"start":{"line":51,"column":0},"end":{"line":51,"column":25}},"51":{"start":{"line":52,"column":0},"end":{"line":52,"column":57}},"53":{"start":{"line":54,"column":0},"end":{"line":54,"column":30}},"54":{"start":{"line":55,"column":0},"end":{"line":55,"column":25}},"55":{"start":{"line":56,"column":0},"end":{"line":56,"column":15}},"56":{"start":{"line":57,"column":0},"end":{"line":57,"column":34}},"57":{"start":{"line":58,"column":0},"end":{"line":58,"column":36}},"58":{"start":{"line":59,"column":0},"end":{"line":59,"column":31}},"59":{"start":{"line":60,"column":0},"end":{"line":60,"column":13}},"60":{"start":{"line":61,"column":0},"end":{"line":61,"column":45}},"61":{"start":{"line":62,"column":0},"end":{"line":62,"column":26}},"62":{"start":{"line":63,"column":0},"end":{"line":63,"column":5}},"63":{"start":{"line":64,"column":0},"end":{"line":64,"column":4}},"65":{"start":{"line":66,"column":0},"end":{"line":66,"column":19}},"66":{"start":{"line":67,"column":0},"end":{"line":67,"column":19}},"67":{"start":{"line":68,"column":0},"end":{"line":68,"column":104}},"69":{"start":{"line":70,"column":0},"end":{"line":70,"column":24}},"70":{"start":{"line":71,"column":0},"end":{"line":71,"column":27}},"71":{"start":{"line":72,"column":0},"end":{"line":72,"column":41}},"72":{"start":{"line":73,"column":0},"end":{"line":73,"column":23}},"73":{"start":{"line":74,"column":0},"end":{"line":74,"column":22}},"74":{"start":{"line":75,"column":0},"end":{"line":75,"column":37}},"75":{"start":{"line":76,"column":0},"end":{"line":76,"column":30}},"76":{"start":{"line":77,"column":0},"end":{"line":77,"column":35}},"77":{"start":{"line":78,"column":0},"end":{"line":78,"column":45}},"78":{"start":{"line":79,"column":0},"end":{"line":79,"column":10}},"79":{"start":{"line":80,"column":0},"end":{"line":80,"column":8}},"80":{"start":{"line":81,"column":0},"end":{"line":81,"column":5}},"81":{"start":{"line":82,"column":0},"end":{"line":82,"column":23}},"82":{"start":{"line":83,"column":0},"end":{"line":83,"column":4}},"83":{"start":{"line":84,"column":0},"end":{"line":84,"column":10}},"84":{"start":{"line":85,"column":0},"end":{"line":85,"column":70}},"85":{"start":{"line":86,"column":0},"end":{"line":86,"column":16}},"86":{"start":{"line":87,"column":0},"end":{"line":87,"column":10}},"88":{"start":{"line":89,"column":0},"end":{"line":89,"column":1}},"90":{"start":{"line":91,"column":0},"end":{"line":91,"column":66}},"91":{"start":{"line":92,"column":0},"end":{"line":92,"column":10}},"92":{"start":{"line":93,"column":0},"end":{"line":93,"column":8}},"93":{"start":{"line":94,"column":0},"end":{"line":94,"column":42}},"94":{"start":{"line":95,"column":0},"end":{"line":95,"column":22}},"95":{"start":{"line":96,"column":0},"end":{"line":96,"column":27}},"96":{"start":{"line":97,"column":0},"end":{"line":97,"column":34}},"97":{"start":{"line":98,"column":0},"end":{"line":98,"column":8}},"99":{"start":{"line":100,"column":0},"end":{"line":100,"column":63}},"100":{"start":{"line":101,"column":0},"end":{"line":101,"column":30}},"101":{"start":{"line":102,"column":0},"end":{"line":102,"column":42}},"102":{"start":{"line":103,"column":0},"end":{"line":103,"column":12}},"103":{"start":{"line":104,"column":0},"end":{"line":104,"column":52}},"104":{"start":{"line":105,"column":0},"end":{"line":105,"column":10}},"106":{"start":{"line":107,"column":0},"end":{"line":107,"column":1}},"108":{"start":{"line":109,"column":0},"end":{"line":109,"column":35}},"109":{"start":{"line":110,"column":0},"end":{"line":110,"column":46}},"110":{"start":{"line":111,"column":0},"end":{"line":111,"column":2}}},"s":{"1":1,"2":1,"3":1,"4":1,"5":1,"7":0,"8":0,"9":0,"10":0,"11":0,"12":0,"13":0,"14":0,"15":0,"16":0,"17":0,"18":0,"19":0,"20":0,"22":0,"24":0,"25":0,"26":0,"27":0,"28":0,"29":0,"30":0,"31":0,"32":0,"33":0,"34":0,"35":0,"36":0,"38":0,"39":0,"40":0,"42":0,"44":0,"45":0,"46":0,"47":0,"48":0,"49":0,"50":0,"51":0,"53":0,"54":0,"55":0,"56":0,"57":0,"58":0,"59":0,"60":0,"61":0,"62":0,"63":0,"65":0,"66":0,"67":0,"69":0,"70":0,"71":0,"72":0,"73":0,"74":0,"75":0,"76":0,"77":0,"78":0,"79":0,"80":0,"81":0,"82":0,"83":0,"84":0,"85":0,"86":0,"88":0,"90":0,"91":0,"92":0,"93":0,"94":0,"95":0,"96":0,"97":0,"99":0,"100":0,"101":0,"102":0,"103":0,"104":0,"106":0,"108":1,"109":0,"110":0},"branchMap":{},"b":{},"fnMap":{"0":{"name":"MiniViewPanel","decl":{"start":{"line":8,"column":0},"end":{"line":23,"column":1}},"loc":{"start":{"line":8,"column":0},"end":{"line":23,"column":1}},"line":8},"1":{"name":"MiniViewHead","decl":{"start":{"line":25,"column":0},"end":{"line":43,"column":1}},"loc":{"start":{"line":25,"column":0},"end":{"line":43,"column":1}},"line":25},"2":{"name":"MiniViewBody","decl":{"start":{"line":45,"column":0},"end":{"line":89,"column":1}},"loc":{"start":{"line":45,"column":0},"end":{"line":89,"column":1}},"line":45},"3":{"name":"MiniViewEmail","decl":{"start":{"line":91,"column":0},"end":{"line":107,"column":1}},"loc":{"start":{"line":91,"column":0},"end":{"line":107,"column":1}},"line":91},"4":{"name":"getSenderName","decl":{"start":{"line":109,"column":22},"end":{"line":111,"column":2}},"loc":{"start":{"line":109,"column":22},"end":{"line":111,"column":2}},"line":109}},"f":{"0":0,"1":0,"2":0,"3":0,"4":0}}
,"/Users/shayanshahla/repos/EmailEssence/frontend/src/components/inbox/emailDisplay.jsx": {"path":"/Users/shayanshahla/repos/EmailEssence/frontend/src/components/inbox/emailDisplay.jsx","all":false,"statementMap":{"0":{"start":{"line":1,"column":0},"end":{"line":1,"column":33}},"1":{"start":{"line":2,"column":0},"end":{"line":2,"column":53}},"2":{"start":{"line":3,"column":0},"end":{"line":3,"column":51}},"3":{"start":{"line":4,"column":0},"end":{"line":4,"column":44}},"4":{"start":{"line":5,"column":0},"end":{"line":5,"column":28}},"6":{"start":{"line":7,"column":0},"end":{"line":7,"column":52}},"7":{"start":{"line":8,"column":0},"end":{"line":8,"column":45}},"8":{"start":{"line":9,"column":0},"end":{"line":9,"column":10}},"9":{"start":{"line":10,"column":0},"end":{"line":10,"column":35}},"10":{"start":{"line":11,"column":0},"end":{"line":11,"column":30}},"11":{"start":{"line":12,"column":0},"end":{"line":12,"column":53}},"12":{"start":{"line":13,"column":0},"end":{"line":13,"column":55}},"13":{"start":{"line":14,"column":0},"end":{"line":14,"column":64}},"14":{"start":{"line":15,"column":0},"end":{"line":15,"column":53}},"15":{"start":{"line":16,"column":0},"end":{"line":16,"column":37}},"16":{"start":{"line":17,"column":0},"end":{"line":17,"column":44}},"17":{"start":{"line":18,"column":0},"end":{"line":18,"column":14}},"18":{"start":{"line":19,"column":0},"end":{"line":19,"column":12}},"19":{"start":{"line":20,"column":0},"end":{"line":20,"column":28}},"20":{"start":{"line":21,"column":0},"end":{"line":21,"column":43}},"21":{"start":{"line":22,"column":0},"end":{"line":22,"column":56}},"22":{"start":{"line":23,"column":0},"end":{"line":23,"column":14}},"23":{"start":{"line":24,"column":0},"end":{"line":24,"column":12}},"24":{"start":{"line":25,"column":0},"end":{"line":25,"column":10}},"26":{"start":{"line":27,"column":0},"end":{"line":27,"column":1}},"28":{"start":{"line":29,"column":0},"end":{"line":29,"column":35}},"29":{"start":{"line":30,"column":0},"end":{"line":30,"column":50}},"30":{"start":{"line":31,"column":0},"end":{"line":31,"column":54}},"32":{"start":{"line":33,"column":0},"end":{"line":33,"column":32}},"33":{"start":{"line":34,"column":0},"end":{"line":34,"column":22}},"34":{"start":{"line":35,"column":0},"end":{"line":35,"column":37}},"35":{"start":{"line":36,"column":0},"end":{"line":36,"column":69}},"36":{"start":{"line":37,"column":0},"end":{"line":37,"column":51}},"37":{"start":{"line":38,"column":0},"end":{"line":38,"column":35}},"38":{"start":{"line":39,"column":0},"end":{"line":39,"column":5}},"39":{"start":{"line":40,"column":0},"end":{"line":40,"column":31}},"40":{"start":{"line":41,"column":0},"end":{"line":41,"column":3}},"42":{"start":{"line":43,"column":0},"end":{"line":43,"column":19}},"43":{"start":{"line":44,"column":0},"end":{"line":44,"column":25}},"44":{"start":{"line":45,"column":0},"end":{"line":45,"column":26}},"45":{"start":{"line":46,"column":0},"end":{"line":46,"column":71}},"47":{"start":{"line":48,"column":0},"end":{"line":48,"column":10}},"48":{"start":{"line":49,"column":0},"end":{"line":49,"column":9}},"49":{"start":{"line":50,"column":0},"end":{"line":50,"column":66}},"50":{"start":{"line":51,"column":0},"end":{"line":51,"column":26}},"51":{"start":{"line":52,"column":0},"end":{"line":52,"column":12}},"52":{"start":{"line":53,"column":0},"end":{"line":53,"column":65}},"53":{"start":{"line":54,"column":0},"end":{"line":54,"column":25}},"54":{"start":{"line":55,"column":0},"end":{"line":55,"column":14}},"55":{"start":{"line":56,"column":0},"end":{"line":56,"column":10}},"57":{"start":{"line":58,"column":0},"end":{"line":58,"column":1}},"59":{"start":{"line":60,"column":0},"end":{"line":60,"column":51}},"60":{"start":{"line":61,"column":0},"end":{"line":61,"column":27}},"61":{"start":{"line":62,"column":0},"end":{"line":62,"column":31}},"62":{"start":{"line":63,"column":0},"end":{"line":63,"column":6}},"63":{"start":{"line":64,"column":0},"end":{"line":64,"column":44}},"64":{"start":{"line":65,"column":0},"end":{"line":65,"column":40}},"65":{"start":{"line":66,"column":0},"end":{"line":66,"column":18}},"66":{"start":{"line":67,"column":0},"end":{"line":67,"column":54}},"68":{"start":{"line":69,"column":0},"end":{"line":69,"column":14}},"69":{"start":{"line":70,"column":0},"end":{"line":70,"column":12}},"70":{"start":{"line":71,"column":0},"end":{"line":71,"column":8}},"71":{"start":{"line":72,"column":0},"end":{"line":72,"column":37}},"72":{"start":{"line":73,"column":0},"end":{"line":73,"column":4}},"73":{"start":{"line":74,"column":0},"end":{"line":74,"column":1}},"75":{"start":{"line":76,"column":0},"end":{"line":76,"column":27}},"76":{"start":{"line":77,"column":0},"end":{"line":77,"column":44}},"77":{"start":{"line":78,"column":0},"end":{"line":78,"column":2}}},"s":{"0":1,"1":1,"2":1,"3":1,"4":1,"6":0,"7":0,"8":0,"9":0,"10":0,"11":0,"12":0,"13":0,"14":0,"15":0,"16":0,"17":0,"18":0,"19":0,"20":0,"21":0,"22":0,"23":0,"24":0,"26":0,"28":0,"29":0,"30":0,"32":0,"33":0,"34":0,"35":0,"36":0,"37":0,"38":0,"39":0,"40":0,"42":0,"43":0,"44":0,"45":0,"47":0,"48":0,"49":0,"50":0,"51":0,"52":0,"53":0,"54":0,"55":0,"57":0,"59":0,"60":0,"61":0,"62":0,"63":0,"64":0,"65":0,"66":0,"68":0,"69":0,"70":0,"71":0,"72":0,"73":0,"75":1,"76":0,"77":0},"branchMap":{},"b":{},"fnMap":{"0":{"name":"EmailDisplay","decl":{"start":{"line":7,"column":0},"end":{"line":27,"column":1}},"loc":{"start":{"line":7,"column":0},"end":{"line":27,"column":1}},"line":7},"1":{"name":"ReaderView","decl":{"start":{"line":29,"column":0},"end":{"line":58,"column":1}},"loc":{"start":{"line":29,"column":0},"end":{"line":58,"column":1}},"line":29},"2":{"name":"PopUp","decl":{"start":{"line":60,"column":0},"end":{"line":74,"column":1}},"loc":{"start":{"line":60,"column":0},"end":{"line":74,"column":1}},"line":60},"3":{"name":"getDate","decl":{"start":{"line":76,"column":16},"end":{"line":78,"column":2}},"loc":{"start":{"line":76,"column":16},"end":{"line":78,"column":2}},"line":76}},"f":{"0":0,"1":0,"2":0,"3":0}}
,"/Users/shayanshahla/repos/EmailEssence/frontend/src/components/inbox/inbox.jsx": {"path":"/Users/shayanshahla/repos/EmailEssence/frontend/src/components/inbox/inbox.jsx","all":false,"statementMap":{"0":{"start":{"line":1,"column":0},"end":{"line":1,"column":42}},"1":{"start":{"line":2,"column":0},"end":{"line":2,"column":52}},"2":{"start":{"line":3,"column":0},"end":{"line":3,"column":48}},"3":{"start":{"line":4,"column":0},"end":{"line":4,"column":55}},"4":{"start":{"line":5,"column":0},"end":{"line":5,"column":26}},"5":{"start":{"line":6,"column":0},"end":{"line":6,"column":25}},"7":{"start":{"line":8,"column":0},"end":{"line":8,"column":31}},"8":{"start":{"line":9,"column":0},"end":{"line":9,"column":19}},"9":{"start":{"line":10,"column":0},"end":{"line":10,"column":12}},"10":{"start":{"line":11,"column":0},"end":{"line":11,"column":14}},"11":{"start":{"line":12,"column":0},"end":{"line":12,"column":11}},"12":{"start":{"line":13,"column":0},"end":{"line":13,"column":4}},"13":{"start":{"line":14,"column":0},"end":{"line":14,"column":10}},"14":{"start":{"line":15,"column":0},"end":{"line":15,"column":35}},"15":{"start":{"line":16,"column":0},"end":{"line":16,"column":21}},"16":{"start":{"line":17,"column":0},"end":{"line":17,"column":43}},"17":{"start":{"line":18,"column":0},"end":{"line":18,"column":29}},"18":{"start":{"line":19,"column":0},"end":{"line":19,"column":27}},"19":{"start":{"line":20,"column":0},"end":{"line":20,"column":29}},"20":{"start":{"line":21,"column":0},"end":{"line":21,"column":8}},"21":{"start":{"line":22,"column":0},"end":{"line":22,"column":57}},"22":{"start":{"line":23,"column":0},"end":{"line":23,"column":10}},"24":{"start":{"line":25,"column":0},"end":{"line":25,"column":1}},"26":{"start":{"line":27,"column":0},"end":{"line":27,"column":67}},"27":{"start":{"line":28,"column":0},"end":{"line":28,"column":42}},"28":{"start":{"line":29,"column":0},"end":{"line":29,"column":10}},"29":{"start":{"line":30,"column":0},"end":{"line":30,"column":8}},"30":{"start":{"line":31,"column":0},"end":{"line":31,"column":63}},"31":{"start":{"line":32,"column":0},"end":{"line":32,"column":35}},"32":{"start":{"line":33,"column":0},"end":{"line":33,"column":9}},"33":{"start":{"line":34,"column":0},"end":{"line":34,"column":23}},"35":{"start":{"line":36,"column":0},"end":{"line":36,"column":43}},"36":{"start":{"line":37,"column":0},"end":{"line":37,"column":64}},"37":{"start":{"line":38,"column":0},"end":{"line":38,"column":12}},"38":{"start":{"line":39,"column":0},"end":{"line":39,"column":28}},"39":{"start":{"line":40,"column":0},"end":{"line":40,"column":65}},"40":{"start":{"line":41,"column":0},"end":{"line":41,"column":42}},"41":{"start":{"line":42,"column":0},"end":{"line":42,"column":12}},"42":{"start":{"line":43,"column":0},"end":{"line":43,"column":50}},"43":{"start":{"line":44,"column":0},"end":{"line":44,"column":40}},"44":{"start":{"line":45,"column":0},"end":{"line":45,"column":38}},"45":{"start":{"line":46,"column":0},"end":{"line":46,"column":12}},"46":{"start":{"line":47,"column":0},"end":{"line":47,"column":77}},"47":{"start":{"line":48,"column":0},"end":{"line":48,"column":10}},"49":{"start":{"line":50,"column":0},"end":{"line":50,"column":1}},"51":{"start":{"line":52,"column":0},"end":{"line":52,"column":77}},"52":{"start":{"line":53,"column":0},"end":{"line":53,"column":40}},"53":{"start":{"line":54,"column":0},"end":{"line":54,"column":27}},"54":{"start":{"line":55,"column":0},"end":{"line":55,"column":19}},"55":{"start":{"line":56,"column":0},"end":{"line":56,"column":44}},"56":{"start":{"line":57,"column":0},"end":{"line":57,"column":29}},"57":{"start":{"line":58,"column":0},"end":{"line":58,"column":25}},"58":{"start":{"line":59,"column":0},"end":{"line":59,"column":57}},"60":{"start":{"line":61,"column":0},"end":{"line":61,"column":30}},"61":{"start":{"line":62,"column":0},"end":{"line":62,"column":25}},"62":{"start":{"line":63,"column":0},"end":{"line":63,"column":15}},"63":{"start":{"line":64,"column":0},"end":{"line":64,"column":34}},"64":{"start":{"line":65,"column":0},"end":{"line":65,"column":36}},"65":{"start":{"line":66,"column":0},"end":{"line":66,"column":31}},"66":{"start":{"line":67,"column":0},"end":{"line":67,"column":13}},"67":{"start":{"line":68,"column":0},"end":{"line":68,"column":45}},"68":{"start":{"line":69,"column":0},"end":{"line":69,"column":26}},"69":{"start":{"line":70,"column":0},"end":{"line":70,"column":5}},"70":{"start":{"line":71,"column":0},"end":{"line":71,"column":4}},"72":{"start":{"line":73,"column":0},"end":{"line":73,"column":19}},"73":{"start":{"line":74,"column":0},"end":{"line":74,"column":19}},"75":{"start":{"line":76,"column":0},"end":{"line":76,"column":104}},"77":{"start":{"line":78,"column":0},"end":{"line":78,"column":24}},"78":{"start":{"line":79,"column":0},"end":{"line":79,"column":27}},"79":{"start":{"line":80,"column":0},"end":{"line":80,"column":41}},"80":{"start":{"line":81,"column":0},"end":{"line":81,"column":23}},"81":{"start":{"line":82,"column":0},"end":{"line":82,"column":19}},"82":{"start":{"line":83,"column":0},"end":{"line":83,"column":37}},"83":{"start":{"line":84,"column":0},"end":{"line":84,"column":43}},"84":{"start":{"line":85,"column":0},"end":{"line":85,"column":30}},"85":{"start":{"line":86,"column":0},"end":{"line":86,"column":47}},"86":{"start":{"line":87,"column":0},"end":{"line":87,"column":46}},"87":{"start":{"line":88,"column":0},"end":{"line":88,"column":10}},"88":{"start":{"line":89,"column":0},"end":{"line":89,"column":8}},"89":{"start":{"line":90,"column":0},"end":{"line":90,"column":5}},"90":{"start":{"line":91,"column":0},"end":{"line":91,"column":23}},"91":{"start":{"line":92,"column":0},"end":{"line":92,"column":4}},"92":{"start":{"line":93,"column":0},"end":{"line":93,"column":10}},"93":{"start":{"line":94,"column":0},"end":{"line":94,"column":26}},"94":{"start":{"line":95,"column":0},"end":{"line":95,"column":45}},"95":{"start":{"line":96,"column":0},"end":{"line":96,"column":37}},"96":{"start":{"line":97,"column":0},"end":{"line":97,"column":38}},"97":{"start":{"line":98,"column":0},"end":{"line":98,"column":25}},"98":{"start":{"line":99,"column":0},"end":{"line":99,"column":16}},"99":{"start":{"line":100,"column":0},"end":{"line":100,"column":49}},"100":{"start":{"line":101,"column":0},"end":{"line":101,"column":14}},"101":{"start":{"line":102,"column":0},"end":{"line":102,"column":12}},"102":{"start":{"line":103,"column":0},"end":{"line":103,"column":37}},"103":{"start":{"line":104,"column":0},"end":{"line":104,"column":64}},"104":{"start":{"line":105,"column":0},"end":{"line":105,"column":18}},"105":{"start":{"line":106,"column":0},"end":{"line":106,"column":12}},"106":{"start":{"line":107,"column":0},"end":{"line":107,"column":10}},"108":{"start":{"line":109,"column":0},"end":{"line":109,"column":1}},"110":{"start":{"line":111,"column":0},"end":{"line":111,"column":27}},"111":{"start":{"line":112,"column":0},"end":{"line":112,"column":44}},"112":{"start":{"line":113,"column":0},"end":{"line":113,"column":2}},"114":{"start":{"line":115,"column":0},"end":{"line":115,"column":35}},"115":{"start":{"line":116,"column":0},"end":{"line":116,"column":46}},"116":{"start":{"line":117,"column":0},"end":{"line":117,"column":2}}},"s":{"0":1,"1":1,"2":1,"3":1,"4":1,"5":1,"7":0,"8":0,"9":0,"10":0,"11":0,"12":0,"13":0,"14":0,"15":0,"16":0,"17":0,"18":0,"19":0,"20":0,"21":0,"22":0,"24":0,"26":0,"27":0,"28":0,"29":0,"30":0,"31":0,"32":0,"33":0,"35":0,"36":0,"37":0,"38":0,"39":0,"40":0,"41":0,"42":0,"43":0,"44":0,"45":0,"46":0,"47":0,"49":0,"51":0,"52":0,"53":0,"54":0,"55":0,"56":0,"57":0,"58":0,"60":0,"61":0,"62":0,"63":0,"64":0,"65":0,"66":0,"67":0,"68":0,"69":0,"70":0,"72":0,"73":0,"75":0,"77":0,"78":0,"79":0,"80":0,"81":0,"82":0,"83":0,"84":0,"85":0,"86":0,"87":0,"88":0,"89":0,"90":0,"91":0,"92":0,"93":0,"94":0,"95":0,"96":0,"97":0,"98":0,"99":0,"100":0,"101":0,"102":0,"103":0,"104":0,"105":0,"106":0,"108":0,"110":1,"111":0,"112":0,"114":1,"115":0,"116":0},"branchMap":{},"b":{},"fnMap":{"0":{"name":"Inbox","decl":{"start":{"line":8,"column":0},"end":{"line":25,"column":1}},"loc":{"start":{"line":8,"column":0},"end":{"line":25,"column":1}},"line":8},"1":{"name":"EmailEntry","decl":{"start":{"line":27,"column":0},"end":{"line":50,"column":1}},"loc":{"start":{"line":27,"column":0},"end":{"line":50,"column":1}},"line":27},"2":{"name":"InboxEmailList","decl":{"start":{"line":52,"column":0},"end":{"line":109,"column":1}},"loc":{"start":{"line":52,"column":0},"end":{"line":109,"column":1}},"line":52},"3":{"name":"getDate","decl":{"start":{"line":111,"column":16},"end":{"line":113,"column":2}},"loc":{"start":{"line":111,"column":16},"end":{"line":113,"column":2}},"line":111},"4":{"name":"getSenderName","decl":{"start":{"line":115,"column":22},"end":{"line":117,"column":2}},"loc":{"start":{"line":115,"column":22},"end":{"line":117,"column":2}},"line":115}},"f":{"0":0,"1":0,"2":0,"3":0,"4":0}}
,"/Users/shayanshahla/repos/EmailEssence/frontend/src/components/login/login.jsx": {"path":"/Users/shayanshahla/repos/EmailEssence/frontend/src/components/login/login.jsx","all":false,"statementMap":{"0":{"start":{"line":1,"column":0},"end":{"line":1,"column":40}},"2":{"start":{"line":3,"column":0},"end":{"line":3,"column":49}},"3":{"start":{"line":4,"column":0},"end":{"line":4,"column":10}},"4":{"start":{"line":5,"column":0},"end":{"line":5,"column":33}},"5":{"start":{"line":6,"column":0},"end":{"line":6,"column":38}},"6":{"start":{"line":7,"column":0},"end":{"line":7,"column":41}},"7":{"start":{"line":8,"column":0},"end":{"line":8,"column":44}},"8":{"start":{"line":9,"column":0},"end":{"line":9,"column":73}},"9":{"start":{"line":10,"column":0},"end":{"line":10,"column":16}},"10":{"start":{"line":11,"column":0},"end":{"line":11,"column":54}},"11":{"start":{"line":12,"column":0},"end":{"line":12,"column":78}},"13":{"start":{"line":14,"column":0},"end":{"line":14,"column":19}},"14":{"start":{"line":15,"column":0},"end":{"line":15,"column":14}},"15":{"start":{"line":16,"column":0},"end":{"line":16,"column":12}},"16":{"start":{"line":17,"column":0},"end":{"line":17,"column":10}},"18":{"start":{"line":19,"column":0},"end":{"line":19,"column":2}}},"s":{"0":1,"2":1,"3":1,"4":1,"5":1,"6":1,"7":1,"8":1,"9":1,"10":1,"11":1,"13":1,"14":1,"15":1,"16":1,"18":1},"branchMap":{"0":{"type":"branch","line":3,"loc":{"start":{"line":3,"column":21},"end":{"line":19,"column":2}},"locations":[{"start":{"line":3,"column":21},"end":{"line":19,"column":2}}]}},"b":{"0":[1]},"fnMap":{"0":{"name":"Login","decl":{"start":{"line":3,"column":21},"end":{"line":19,"column":2}},"loc":{"start":{"line":3,"column":21},"end":{"line":19,"column":2}},"line":3}},"f":{"0":1}}
,"/Users/shayanshahla/repos/EmailEssence/frontend/src/components/settings/settings.jsx": {"path":"/Users/shayanshahla/repos/EmailEssence/frontend/src/components/settings/settings.jsx","all":false,"statementMap":{"0":{"start":{"line":1,"column":0},"end":{"line":1,"column":51}},"1":{"start":{"line":2,"column":0},"end":{"line":2,"column":50}},"2":{"start":{"line":3,"column":0},"end":{"line":3,"column":24}},"4":{"start":{"line":5,"column":0},"end":{"line":5,"column":27}},"5":{"start":{"line":6,"column":0},"end":{"line":6,"column":12}},"6":{"start":{"line":7,"column":0},"end":{"line":7,"column":31}},"7":{"start":{"line":8,"column":0},"end":{"line":8,"column":21}},"8":{"start":{"line":9,"column":0},"end":{"line":9,"column":30}},"9":{"start":{"line":10,"column":0},"end":{"line":10,"column":8}},"10":{"start":{"line":11,"column":0},"end":{"line":11,"column":17}},"11":{"start":{"line":12,"column":0},"end":{"line":12,"column":4}},"12":{"start":{"line":13,"column":0},"end":{"line":13,"column":39}},"14":{"start":{"line":15,"column":0},"end":{"line":15,"column":19}},"15":{"start":{"line":16,"column":0},"end":{"line":16,"column":29}},"16":{"start":{"line":17,"column":0},"end":{"line":17,"column":24}},"17":{"start":{"line":18,"column":0},"end":{"line":18,"column":49}},"18":{"start":{"line":19,"column":0},"end":{"line":19,"column":14}},"19":{"start":{"line":20,"column":0},"end":{"line":20,"column":52}},"20":{"start":{"line":21,"column":0},"end":{"line":21,"column":7}},"21":{"start":{"line":22,"column":0},"end":{"line":22,"column":5}},"22":{"start":{"line":23,"column":0},"end":{"line":23,"column":27}},"24":{"start":{"line":25,"column":0},"end":{"line":25,"column":10}},"25":{"start":{"line":26,"column":0},"end":{"line":26,"column":30}},"26":{"start":{"line":27,"column":0},"end":{"line":27,"column":23}},"27":{"start":{"line":28,"column":0},"end":{"line":28,"column":23}},"28":{"start":{"line":29,"column":0},"end":{"line":29,"column":29}},"29":{"start":{"line":30,"column":0},"end":{"line":30,"column":47}},"30":{"start":{"line":31,"column":0},"end":{"line":31,"column":8}},"31":{"start":{"line":32,"column":0},"end":{"line":32,"column":25}},"32":{"start":{"line":33,"column":0},"end":{"line":33,"column":47}},"33":{"start":{"line":34,"column":0},"end":{"line":34,"column":61}},"34":{"start":{"line":35,"column":0},"end":{"line":35,"column":8}},"35":{"start":{"line":36,"column":0},"end":{"line":36,"column":12}},"36":{"start":{"line":37,"column":0},"end":{"line":37,"column":21}},"37":{"start
[...]
,"column":0},"end":{"line":178,"column":14}},"178":{"start":{"line":179,"column":0},"end":{"line":179,"column":39}},"179":{"start":{"line":180,"column":0},"end":{"line":180,"column":41}},"180":{"start":{"line":181,"column":0},"end":{"line":181,"column":5}},"181":{"start":{"line":182,"column":0},"end":{"line":182,"column":5}},"182":{"start":{"line":183,"column":0},"end":{"line":183,"column":21}},"183":{"start":{"line":184,"column":0},"end":{"line":184,"column":69}},"184":{"start":{"line":185,"column":0},"end":{"line":185,"column":3}},"185":{"start":{"line":186,"column":0},"end":{"line":186,"column":25}},"186":{"start":{"line":187,"column":0},"end":{"line":187,"column":1}},"189":{"start":{"line":190,"column":0},"end":{"line":190,"column":50}},"190":{"start":{"line":191,"column":0},"end":{"line":191,"column":62}},"191":{"start":{"line":192,"column":0},"end":{"line":192,"column":14}},"192":{"start":{"line":193,"column":0},"end":{"line":193,"column":39}},"193":{"start":{"line":194,"column":0},"end":{"line":194,"column":41}},"194":{"start":{"line":195,"column":0},"end":{"line":195,"column":5}},"195":{"start":{"line":196,"column":0},"end":{"line":196,"column":5}},"196":{"start":{"line":197,"column":0},"end":{"line":197,"column":21}},"197":{"start":{"line":198,"column":0},"end":{"line":198,"column":70}},"198":{"start":{"line":199,"column":0},"end":{"line":199,"column":3}},"199":{"start":{"line":200,"column":0},"end":{"line":200,"column":25}},"200":{"start":{"line":201,"column":0},"end":{"line":201,"column":1}},"203":{"start":{"line":204,"column":0},"end":{"line":204,"column":50}},"204":{"start":{"line":205,"column":0},"end":{"line":205,"column":62}},"205":{"start":{"line":206,"column":0},"end":{"line":206,"column":14}},"206":{"start":{"line":207,"column":0},"end":{"line":207,"column":39}},"207":{"start":{"line":208,"column":0},"end":{"line":208,"column":41}},"208":{"start":{"line":209,"column":0},"end":{"line":209,"column":5}},"209":{"start":{"line":210,"column":0},"end":{"line":210,"column":5}},"210":{"start":{"line":211,"column":0},"end":{"line":211,"column":21}},"211":{"start":{"line":212,"column":0},"end":{"line":212,"column":70}},"212":{"start":{"line":213,"column":0},"end":{"line":213,"column":3}},"213":{"start":{"line":214,"column":0},"end":{"line":214,"column":25}},"214":{"start":{"line":215,"column":0},"end":{"line":215,"column":1}},"227":{"start":{"line":228,"column":0},"end":{"line":228,"column":63}},"228":{"start":{"line":229,"column":0},"end":{"line":229,"column":85}},"229":{"start":{"line":230,"column":0},"end":{"line":230,"column":18}},"230":{"start":{"line":231,"column":0},"end":{"line":231,"column":50}},"231":{"start":{"line":232,"column":0},"end":{"line":232,"column":42}},"232":{"start":{"line":233,"column":0},"end":{"line":233,"column":5}},"233":{"start":{"line":234,"column":0},"end":{"line":234,"column":21}},"234":{"start":{"line":235,"column":0},"end":{"line":235,"column":58}},"235":{"start":{"line":236,"column":0},"end":{"line":236,"column":3}},"236":{"start":{"line":237,"column":0},"end":{"line":237,"column":25}},"237":{"start":{"line":238,"column":0},"end":{"line":238,"column":2}}},"s":{"0":1,"1":1,"2":1,"4":1,"5":0,"6":0,"7":0,"8":0,"9":0,"10":0,"11":0,"12":0,"14":0,"15":0,"16":0,"17":0,"18":0,"19":0,"20":0,"21":0,"22":0,"24":0,"25":0,"26":0,"27":0,"28":0,"29":0,"30":0,"31":0,"32":0,"33":0,"34":0,"35":0,"36":0,"37":0,"38":0,"39":0,"41":0,"44":1,"45":0,"46":0,"47":0,"48":0,"49":0,"50":0,"51":0,"52":0,"54":0,"57":1,"58":0,"59":0,"60":0,"61":0,"62":0,"63":0,"64":0,"65":0,"66":0,"67":0,"68":0,"69":0,"70":0,"71":0,"72":0,"73":0,"74":0,"76":0,"79":1,"80":0,"83":0,"84":0,"85":0,"86":0,"87":0,"88":0,"89":0,"90":0,"91":0,"92":0,"93":0,"94":0,"95":0,"96":0,"97":0,"99":0,"100":0,"101":0,"102":0,"103":0,"104":0,"105":0,"106":0,"107":0,"109":0,"110":0,"111":0,"112":0,"113":0,"115":0,"117":1,"118":0,"119":0,"121":0,"122":0,"123":0,"125":0,"126":0,"127":0,"128":0,"129":0,"131":0,"132":0,"135":1,"136":0,"137":0,"138":0,"139":0,"140":0,"141":0,"142":0,"143":0,"144":0,"147":1,"148":0,"149":0,"150":0,"151":0,"152":0,"153":0,"154":0,"155":0,"156":0,"157":0,"158":0,"161":1,"162":0,"163":0,"164":0,"165":0,"166":0,"167":0,"168":0,"169":0,"170":0,"171":0,"172":0,"175":1,"176":0,"177":0,"178":0,"179":0,"180":0,"181":0,"182":0,"183":0,"184":0,"185":0,"186":0,"189":1,"190":0,"191":0,"192":0,"193":0,"194":0,"195":0,"196":0,"197":0,"198":0,"199":0,"200":0,"203":1,"204":0,"205":0,"206":0,"207":0,"208":0,"209":0,"210":0,"211":0,"212":0,"213":0,"214":0,"227":1,"228":0,"229":0,"230":0,"231":0,"232":0,"233":0,"234":0,"235":0,"236":0,"237":0},"branchMap":{},"b":{},"fnMap":{"0":{"name":"Settings","decl":{"start":{"line":5,"column":7},"end":{"line":42,"column":1}},"loc":{"start":{"line":5,"column":7},"end":{"line":42,"column":1}},"line":5},"1":{"name":"SummariesInInbox","decl":{"start":{"line":45,"column":7},"end":{"line":55,"column":1}},"loc":{"start":{"line":45,"column":7},"end":{"line":55,"column":1}},"line":45},"2":{"name":"EmailFetchInterval","decl":{"start":{"line":58,"column":7},"end":{"line":77,"column":1}},"loc":{"start":{"line":58,"column":7},"end":{"line":77,"column":1}},"line":58},"3":{"name":"Theme","decl":{"start":{"line":80,"column":7},"end":{"line":116,"column":1}},"loc":{"start":{"line":80,"column":7},"end":{"line":116,"column":1}},"line":80},"4":{"name":"useSystemTheme","decl":{"start":{"line":118,"column":23},"end":{"line":133,"column":2}},"loc":{"start":{"line":118,"column":23},"end":{"line":133,"column":2}},"line":118},"5":{"name":"fetchUserProfile","decl":{"start":{"line":136,"column":32},"end":{"line":145,"column":1}},"loc":{"start":{"line":136,"column":32},"end":{"line":145,"column":1}},"line":136},"6":{"name":"fetchUserPreferences","decl":{"start":{"line":148,"column":36},"end":{"line":159,"column":1}},"loc":{"start":{"line":148,"column":36},"end":{"line":159,"column":1}},"line":148},"7":{"name":"updateUserPreferences","decl":{"start":{"line":162,"column":37},"end":{"line":173,"column":1}},"loc":{"start":{"line":162,"column":37},"end":{"line":173,"column":1}},"line":162},"8":{"name":"fetchUserById","decl":{"start":{"line":176,"column":29},"end":{"line":187,"column":1}},"loc":{"start":{"line":176,"column":29},"end":{"line":187,"column":1}},"line":176},"9":{"name":"updateUserById","decl":{"start":{"line":190,"column":30},"end":{"line":201,"column":1}},"loc":{"start":{"line":190,"column":30},"end":{"line":201,"column":1}},"line":190},"10":{"name":"deleteUserById","decl":{"start":{"line":204,"column":30},"end":{"line":215,"column":1}},"loc":{"start":{"line":204,"column":30},"end":{"line":215,"column":1}},"line":204},"11":{"name":"saveUserPreferences","decl":{"start":{"line":228,"column":35},"end":{"line":238,"column":2}},"loc":{"start":{"line":228,"column":35},"end":{"line":238,"column":2}},"line":228}},"f":{"0":0,"1":0,"2":0,"3":0,"4":0,"5":0,"6":0,"7":0,"8":0,"9":0,"10":0,"11":0}}
,"/Users/shayanshahla/repos/EmailEssence/frontend/src/components/sidebar/sidebar.jsx": {"path":"/Users/shayanshahla/repos/EmailEssence/frontend/src/components/sidebar/sidebar.jsx","all":false,"statementMap":{"0":{"start":{"line":1,"column":0},"end":{"line":1,"column":47}},"1":{"start":{"line":2,"column":0},"end":{"line":2,"column":37}},"2":{"start":{"line":3,"column":0},"end":{"line":3,"column":53}},"3":{"start":{"line":4,"column":0},"end":{"line":4,"column":23}},"5":{"start":{"line":6,"column":0},"end":{"line":6,"column":33}},"6":{"start":{"line":7,"column":0},"end":{"line":7,"column":14}},"7":{"start":{"line":8,"column":0},"end":{"line":8,"column":11}},"8":{"start":{"line":9,"column":0},"end":{"line":9,"column":19}},"9":{"start":{"line":10,"column":0},"end":{"line":10,"column":11}},"10":{"start":{"line":11,"column":0},"end":{"line":11,"column":4}},"11":{"start":{"line":12,"column":0},"end":{"line":12,"column":10}},"12":{"start":{"line":13,"column":0},"end":{"line":13,"column":29}},"13":{"start":{"line":14,"column":0},"end":{"line":14,"column":64}},"14":{"start":{"line":15,"column":0},"end":{"line":15,"column":16}},"15":{"start":{"line":16,"column":0},"end":{"line":16,"column":15}},"16":{"start":{"line":17,"column":0},"end":{"line":17,"column":13}},"17":{"start":{"line":18,"column":0},"end":{"line":18,"column":27}},"18":{"start":{"line":19,"column":0},"end":{"line":19,"column":27}},"19":{"start":{"line":20,"column":0},"end":{"line":20,"column":49}},"20":{"start":{"line":21,"column":0},"end":{"line":21,"column":20}},"22":{"start":{"line":23,"column":0},"end":{"line":23,"column":21}},"23":{"start":{"line":24,"column":0},"end":{"line":24,"column":15}},"24":{"start":{"line":25,"column":0},"end":{"line":25,"column":17}},"25":{"start":{"line":26,"column":0},"end":{"line":26,"column":13}},"26":{"start":{"line":27,"column":0},"end":{"line":27,"column":27}},"27":{"start":{"line":28,"column":0},"end":{"line":28,"column":27}},"28":{"start":{"line":29,"column":0},"end":{"line":29,"column":52}},"29":{"start":{"line":30,"column":0},"end":{"line":30,"column":23}},"31":{"start":{"line":32,"column":0},"end":{"line":32,"column":24}},"32":{"start":{"line":33,"column":0},"end":{"line":33,"column":15}},"33":{"start":{"line":34,"column":0},"end":{"line":34,"column":10}},"35":{"start":{"line":36,"column":0},"end":{"line":36,"column":1}},"37":{"start":{"line":38,"column":0},"end":{"line":38,"column":72}},"38":{"start":{"line":39,"column":0},"end":{"line":39,"column":14}},"39":{"start":{"line":40,"column":0},"end":{"line":40,"column":70}},"40":{"start":{"line":41,"column":0},"end":{"line":41,"column":61}},"41":{"start":{"line":42,"column":0},"end":{"line":42,"column":10}},"42":{"start":{"line":43,"column":0},"end":{"line":43,"column":9}},"43":{"start":{"line":44,"column":0},"end":{"line":44,"column":69}},"44":{"start":{"line":45,"column":0},"end":{"line":45,"column":30}},"45":{"start":{"line":46,"column":0},"end":{"line":46,"column":73}},"46":{"start":{"line":47,"column":0},"end":{"line":47,"column":37}},"47":{"start":{"line":48,"column":0},"end":{"line":48,"column":14}},"48":{"start":{"line":49,"column":0},"end":{"line":49,"column":12}},"49":{"start":{"line":50,"column":0},"end":{"line":50,"column":10}},"51":{"start":{"line":52,"column":0},"end":{"line":52,"column":1}}},"s":{"0":1,"1":1,"2":1,"3":1,"5":0,"6":0,"7":0,"8":0,"9":0,"10":0,"11":0,"12":0,"13":0,"14":0,"15":0,"16":0,"17":0,"18":0,"19":0,"20":0,"22":0,"23":0,"24":0,"25":0,"26":0,"27":0,"28":0,"29":0,"31":0,"32":0,"33":0,"35":0,"37":0,"38":0,"39":0,"40":0,"41":0,"42":0,"43":0,"44":0,"45":0,"46":0,"47":0,"48":0,"49":0,"51":0},"branchMap":{},"b":{},"fnMap":{"0":{"name":"SideBar","decl":{"start":{"line":6,"column":0},"end":{"line":36,"column":1}},"loc":{"start":{"line":6,"column":0},"end":{"line":36,"column":1}},"line":6},"1":{"name":"Button","decl":{"start":{"line":38,"column":0},"end":{"line":52,"column":1}},"loc":{"start":{"line":38,"column":0},"end":{"line":52,"column":1}},"line":38}},"f":{"0":0,"1":0}}
,"/Users/shayanshahla/repos/EmailEssence/frontend/src/emails/emailParse.js": {"path":"/Users/shayanshahla/repos/EmailEssence/frontend/src/emails/emailParse.js","all":false,"statementMap":{"0":{"start":{"line":1,"column":0},"end":{"line":1,"column":62}},"2":{"start":{"line":3,"column":0},"end":{"line":3,"column":37}},"3":{"start":{"line":4,"column":0},"end":{"line":4,"column":18}},"4":{"start":{"line":5,"column":0},"end":{"line":5,"column":18}},"5":{"start":{"line":6,"column":0},"end":{"line":6,"column":14}},"6":{"start":{"line":7,"column":0},"end":{"line":7,"column":68}},"7":{"start":{"line":8,"column":0},"end":{"line":8,"column":41}},"8":{"start":{"line":9,"column":0},"end":{"line":9,"column":6}},"9":{"start":{"line":10,"column":0},"end":{"line":10,"column":4}},"10":{"start":{"line":11,"column":0},"end":{"line":11,"column":7}},"11":{"start":{"line":12,"column":0},"end":{"line":12,"column":28}},"12":{"start":{"line":13,"column":0},"end":{"line":13,"column":120}},"13":{"start":{"line":14,"column":0},"end":{"line":14,"column":12}},"14":{"start":{"line":15,"column":0},"end":{"line":15,"column":6}},"15":{"start":{"line":16,"column":0},"end":{"line":16,"column":38}},"16":{"start":{"line":17,"column":0},"end":{"line":17,"column":23}},"17":{"start":{"line":18,"column":0},"end":{"line":18,"column":75}},"18":{"start":{"line":19,"column":0},"end":{"line":19,"column":5}},"19":{"start":{"line":20,"column":0},"end":{"line":20,"column":33}},"20":{"start":{"line":21,"column":0},"end":{"line":21,"column":19}},"21":{"start":{"line":22,"column":0},"end":{"line":22,"column":47}},"22":{"start":{"line":23,"column":0},"end":{"line":23,"column":70}},"23":{"start":{"line":24,"column":0},"end":{"line":24,"column":3}},"24":{"start":{"line":25,"column":0},"end":{"line":25,"column":1}},"26":{"start":{"line":27,"column":0},"end":{"line":27,"column":39}},"27":{"start":{"line":28,"column":0},"end":{"line":28,"column":18}},"28":{"start":{"line":29,"column":0},"end":{"line":29,"column":18}},"29":{"start":{"line":30,"column":0},"end":{"line":30,"column":14}},"30":{"start":{"line":31,"column":0},"end":{"line":31,"column":68}},"31":{"start":{"line":32,"column":0},"end":{"line":32,"column":41}},"32":{"start":{"line":33,"column":0},"end":{"line":33,"column":6}},"33":{"start":{"line":34,"column":0},"end":{"line":34,"column":4}},"34":{"start":{"line":35,"column":0},"end":{"line":35,"column":7}},"35":{"start":{"line":36,"column":0},"end":{"line":36,"column":46}},"36":{"start":{"line":37,"column":0},"end":{"line":37,"column":60}},"37":{"start":{"line":38,"column":0},"end":{"line":38,"column":28}},"38":{"start":{"line":39,"column":0},"end":{"line":39,"column":50}},"39":{"start":{"line":40,"column":0},"end":{"line":40,"column":12}},"40":{"start":{"line":41,"column":0},"end":{"line":41,"column":6}},"41":{"start":{"line":42,"column":0},"end":{"line":42,"column":38}},"42":{"start":{"line":43,"column":0},"end":{"line":43,"column":23}},"43":{"start":{"line":44,"column":0},"end":{"line":44,"column":78}},"44":{"start":{"line":45,"column":0},"end":{"line":45,"column":5}},"45":{"start":{"line":46,"column":0},"end":{"line":46,"column":33}},"46":{"start":{"line":47,"column":0},"end":{"line":47,"column":19}},"47":{"start":{"line":48,"column":0},"end":{"line":48,"column":49}},"48":{"start":{"line":49,"column":0},"end":{"line":49,"column":70}},"49":{"start":{"line":50,"column":0},"end":{"line":50,"column":3}},"50":{"start":{"line":51,"column":0},"end":{"line":51,"column":1}},"52":{"start":{"line":53,"column":0},"end":{"line":53,"column":26}},"53":{"start":{"line":54,"column":0},"end":{"line":54,"column":68}},"54":{"start":{"line":55,"column":0},"end":{"line":55,"column":7}},"55":{"start":{"line":56,"column":0},"end":{"line":56,"column":12}},"56":{"start":{"line":57,"column":0},"end":{"line":57,"column":31}},"57":{"start":{"line":58,"column":0},"end":{"line":58,"column":32}},"58":{"start":{"line":59,"column":0},"end":{"line":59,"column":31}},"59":{"start":{"line":60,"column":0},"end":{"line":60,"column":33}},"60":{"start":{"line":61,"column":0},"end":{"line":61,"column":6}},"61":{"start":{"line":62,"column":0},"end":{"line":62,"column":19}},"62":{"start":{"line":63,"column":0},"end":{"line":63,"column":48}},"63":{"start":{"line":64,"column":0},"end":{"line":64,"column":64}},"64":{"start":{"line":65,"column":0},"end":{"line":65,"column":3}},"65":{"start":{"line":66,"column":0},"end":{"line":66,"column":1}},"67":{"start":{"line":68,"column":0},"end":{"line":68,"column":57}},"68":{"start":{"line":69,"column":0},"end":{"line":69,"column":7}},"69":{"start":{"line":70,"column":0},"end":{"line":70,"column":51}},"70":{"start":{"line":71,"column":0},"end":{"line":71,"column":49}},"71":{"start":{"line":72,"column":0},"end":{"line":72,"column":46}},"72":{"start":{"line":73,"column":0},"end":{"line":73,"column":28}},"73":{"start":{"line":74,"column":0},"end":{"line":74,"column":7}},"74":{"start":{"line":75,"column":0},"end":{"line":75,"column":46}},"75":{"start":{"line":76,"column":0},"end":{"line":76,"column":31}},"76":{"start":{"line":77,"column":0},"end":{"line":77,"column":40}},"77":{"start":{"line":78,"column":0},"end":{"line":78,"column":56}},"78":{"start":{"line":79,"column":0},"end":{"line":79,"column":16}},"79":{"start":{"line":80,"column":0},"end":{"line":80,"column":5}},"80":{"start":{"line":81,"column":0},"end":{"line":81,"column":62}},"81":{"start":{"line":82,"column":0},"end":{"line":82,"column":65}},"82":{"start":{"line":83,"column":0},"end":{"line":83,"column":77}},"84":{"start":{"line":85,"column":0},"end":{"line":85,"column":14}},"85":{"start":{"line":86,"column":0},"end":{"line":86,"column":17}},"86":{"start":{"line":87,"column":0},"end":{"line":87,"column":49}},"87":{"start":{"line":88,"column":0},"end":{"line":88,"column":41}},"88":{"start":{"line":89,"column":0},"end":{"line":89,"column":50}},"89":{"start":{"line":90,"column":0},"end":{"line":90,"column":8}},"90":{"start":{"line":91,"column":0},"end":{"line":91,"column":7}},"91":{"start":{"line":92,"column":0},"end":{"line":92,"column":27}},"92":{"start":{"line":93,"column":0},"end":{"line":93,"column":19}},"93":{"start":{"line":94,"column":0},"end":{"line":94,"column":52}},"94":{"start":{"line":95,"column":0},"end":{"line":95,"column":61}},"95":{"start":{"line":96,"column":0},"end":{"line":96,"column":3}},"96":{"start":{"line":97,"column":0},"end":{"line":97,"column":1}},"98":{"start":{"line":99,"column":0},"end":{"line":99,"column":33}},"99":{"start":{"line":100,"column":0},"end":{"line":100,"column":57}},"100":{"start":{"line":101,"column":0},"end":{"line":101,"column":1}},"102":{"start":{"line":103,"column":0},"end":{"line":103,"column":27}},"103":{"start":{"line":104,"column":0},"end":{"line":104,"column":52}},"104":{"start":{"line":105,"column":0},"end":{"line":105,"column":31}},"105":{"start":{"line":106,"column":0},"end":{"line":106,"column":65}},"106":{"start":{"line":107,"column":0},"end":{"line":107,"column":31}},"107":{"start":{"line":108,"column":0},"end":{"line":108,"column":30}},"108":{"start":{"line":109,"column":0},"end":{"line":109,"column":41}},"109":{"start":{"line":110,"column":0},"end":{"line":110,"column":31}},"110":{"start":{"line":111,"column":0},"end":{"line":111,"column":36}},"111":{"start":{"line":112,"column":0},"end":{"line":112,"column":38}},"112":{"start":{"line":113,"column":0},"end":{"line":113,"column":49}}},"s":{"0":1,"2":0,"3":0,"4":0,"5":0,"6":0,"7":0,"8":0,"9":0,"10":0,"11":0,"12":0,"13":0,"14":0,"15":0,"16":0,"17":0,"18":0,"19":0,"20":0,"21":0,"22":0,"23":0,"24":0,"26":0,"27":0,"28":0,"29":0,"30":0,"31":0,"32":0,"33":0,"34":0,"35":0,"36":0,"37":0,"38":0,"39":0,"40":0,"41":0,"42":0,"43":0,"44":0,"45":0,"46":0,"47":0,"48":0,"49":0,"50":0,"52":0,"53":0,"54":0,"55":0,"56":0,"57":0,"58":0,"59":0,"60":0,"61":0,"62":0,"63":0,"64":0,"65":0,"67":1,"68":0,"69":0,"70":0,"71":0,"72":0,"73":0,"74":0,"75":0,"76":0,"77":0,"78":0,"79":0,"80":0,"81":0,"82":0,"84":0,"85":0,"86":0,"87":0,"88":0,"89":0,"90":0,"91":0,"92":0,"93":0,"94":0,"95":0,"96":0,"98":1,"99":0,"100":0,"102":1,"103":1,"104":1,"105":1,"106":1,"107":1,"108":1,"109":1,"110":1,"111":1,"112":1},"branchMap":{},"b":{},"fnMap":{"0":{"name":"getEmails","decl":{"start":{"line":3,"column":0},"end":{"line":25,"column":1}},"loc":{"start":{"line":3,"column":0},"end":{"line":25,"column":1}},"line":3},"1":{"name":"getSummaries","decl":{"start":{"line":27,"column":0},"end":{"line":51,"column":1}},"loc":{"start":{"line":27,"column":0},"end":{"line":51,"column":1}},"line":27},"2":{"name":"parseDate","decl":{"start":{"line":53,"column":0},"end":{"line":66,"column":1}},"loc":{"start":{"line":53,"column":0},"end":{"line":66,"column":1}},"line":53},"3":{"name":"fetchEmails","decl":{"start":{"line":68,"column":15},"end":{"line":97,"column":1}},"loc":{"start":{"line":68,"column":15},"end":{"line":97,"column":1}},"line":68},"4":{"name":"getTop5","decl":{"start":{"line":99,"column":7},"end":{"line":101,"column":1}},"loc":{"start":{"line":99,"column":7},"end":{"line":101,"column":1}},"line":99}},"f":{"0":0,"1":0,"2":0,"3":0,"4":0}}
}
